[2025-10-16T00:45:00.288+0000] {local_task_job_runner.py:120} INFO - ::group::Pre task execution logs
[2025-10-16T00:45:00.371+0000] {taskinstance.py:2076} INFO - Dependencies all met for dep_context=non-requeueable deps ti=<TaskInstance: openbrewery_medallion.fetch_bronze scheduled__2025-10-15T00:00:00+00:00 [queued]>
[2025-10-16T00:45:00.385+0000] {taskinstance.py:2076} INFO - Dependencies all met for dep_context=requeueable deps ti=<TaskInstance: openbrewery_medallion.fetch_bronze scheduled__2025-10-15T00:00:00+00:00 [queued]>
[2025-10-16T00:45:00.387+0000] {taskinstance.py:2306} INFO - Starting attempt 1 of 3
[2025-10-16T00:45:00.408+0000] {taskinstance.py:2330} INFO - Executing <Task(PythonOperator): fetch_bronze> on 2025-10-15 00:00:00+00:00
[2025-10-16T00:45:00.422+0000] {standard_task_runner.py:90} INFO - Running: ['***', 'tasks', 'run', 'openbrewery_medallion', 'fetch_bronze', 'scheduled__2025-10-15T00:00:00+00:00', '--job-id', '11', '--raw', '--subdir', 'DAGS_FOLDER/openbrewery_dag.py', '--cfg-path', '/tmp/tmpred2fw_o']
[2025-10-16T00:45:00.427+0000] {standard_task_runner.py:91} INFO - Job 11: Subtask fetch_bronze
[2025-10-16T00:45:00.427+0000] {logging_mixin.py:188} WARNING - /home/***/.local/lib/python3.12/site-packages/***/task/task_runner/standard_task_runner.py:62 DeprecationWarning: This process (pid=2753) is multi-threaded, use of fork() may lead to deadlocks in the child.
[2025-10-16T00:45:00.429+0000] {standard_task_runner.py:64} INFO - Started process 2755 to run task
[2025-10-16T00:45:00.598+0000] {task_command.py:426} INFO - Running <TaskInstance: openbrewery_medallion.fetch_bronze scheduled__2025-10-15T00:00:00+00:00 [running]> on host 0b16638971ee
[2025-10-16T00:45:00.981+0000] {taskinstance.py:2648} INFO - Exporting env vars: AIRFLOW_CTX_DAG_EMAIL='marinalvinhaes@gmail.com' AIRFLOW_CTX_DAG_OWNER='***' AIRFLOW_CTX_DAG_ID='openbrewery_medallion' AIRFLOW_CTX_TASK_ID='fetch_bronze' AIRFLOW_CTX_EXECUTION_DATE='2025-10-15T00:00:00+00:00' AIRFLOW_CTX_TRY_NUMBER='1' AIRFLOW_CTX_DAG_RUN_ID='scheduled__2025-10-15T00:00:00+00:00'
[2025-10-16T00:45:00.983+0000] {taskinstance.py:430} INFO - ::endgroup::
[2025-10-16T00:45:01.921+0000] {fetcher.py:37} INFO - Fetched page 1, items=50
[2025-10-16T00:45:02.638+0000] {fetcher.py:37} INFO - Fetched page 2, items=50
[2025-10-16T00:45:03.301+0000] {fetcher.py:37} INFO - Fetched page 3, items=50
[2025-10-16T00:45:04.026+0000] {fetcher.py:37} INFO - Fetched page 4, items=50
[2025-10-16T00:45:04.718+0000] {fetcher.py:37} INFO - Fetched page 5, items=50
[2025-10-16T00:45:05.382+0000] {fetcher.py:37} INFO - Fetched page 6, items=50
[2025-10-16T00:45:06.055+0000] {fetcher.py:37} INFO - Fetched page 7, items=50
[2025-10-16T00:45:06.939+0000] {fetcher.py:37} INFO - Fetched page 8, items=50
[2025-10-16T00:45:07.656+0000] {fetcher.py:37} INFO - Fetched page 9, items=50
[2025-10-16T00:45:08.320+0000] {fetcher.py:37} INFO - Fetched page 10, items=50
[2025-10-16T00:45:08.989+0000] {fetcher.py:37} INFO - Fetched page 11, items=50
[2025-10-16T00:45:09.806+0000] {fetcher.py:37} INFO - Fetched page 12, items=50
[2025-10-16T00:45:10.523+0000] {fetcher.py:37} INFO - Fetched page 13, items=50
[2025-10-16T00:45:11.240+0000] {fetcher.py:37} INFO - Fetched page 14, items=50
[2025-10-16T00:45:11.957+0000] {fetcher.py:37} INFO - Fetched page 15, items=50
[2025-10-16T00:45:12.675+0000] {fetcher.py:37} INFO - Fetched page 16, items=50
[2025-10-16T00:45:13.494+0000] {fetcher.py:37} INFO - Fetched page 17, items=50
[2025-10-16T00:45:14.210+0000] {fetcher.py:37} INFO - Fetched page 18, items=50
[2025-10-16T00:45:14.911+0000] {fetcher.py:37} INFO - Fetched page 19, items=50
[2025-10-16T00:45:15.558+0000] {fetcher.py:37} INFO - Fetched page 20, items=50
[2025-10-16T00:45:16.258+0000] {fetcher.py:37} INFO - Fetched page 21, items=50
[2025-10-16T00:45:17.077+0000] {fetcher.py:37} INFO - Fetched page 22, items=50
[2025-10-16T00:45:17.793+0000] {fetcher.py:37} INFO - Fetched page 23, items=50
[2025-10-16T00:45:18.511+0000] {fetcher.py:37} INFO - Fetched page 24, items=50
[2025-10-16T00:45:19.228+0000] {fetcher.py:37} INFO - Fetched page 25, items=50
[2025-10-16T00:45:19.945+0000] {fetcher.py:37} INFO - Fetched page 26, items=50
[2025-10-16T00:45:20.661+0000] {fetcher.py:37} INFO - Fetched page 27, items=50
[2025-10-16T00:45:21.377+0000] {fetcher.py:37} INFO - Fetched page 28, items=50
[2025-10-16T00:45:22.095+0000] {fetcher.py:37} INFO - Fetched page 29, items=50
[2025-10-16T00:45:22.789+0000] {fetcher.py:37} INFO - Fetched page 30, items=50
[2025-10-16T00:45:23.529+0000] {fetcher.py:37} INFO - Fetched page 31, items=50
[2025-10-16T00:45:24.348+0000] {fetcher.py:37} INFO - Fetched page 32, items=50
[2025-10-16T00:45:25.064+0000] {fetcher.py:37} INFO - Fetched page 33, items=50
[2025-10-16T00:45:25.758+0000] {fetcher.py:37} INFO - Fetched page 34, items=50
[2025-10-16T00:45:26.497+0000] {fetcher.py:37} INFO - Fetched page 35, items=50
[2025-10-16T00:45:27.216+0000] {fetcher.py:37} INFO - Fetched page 36, items=50
[2025-10-16T00:45:27.932+0000] {fetcher.py:37} INFO - Fetched page 37, items=50
[2025-10-16T00:45:28.647+0000] {fetcher.py:37} INFO - Fetched page 38, items=50
[2025-10-16T00:45:29.470+0000] {fetcher.py:37} INFO - Fetched page 39, items=50
[2025-10-16T00:45:30.185+0000] {fetcher.py:37} INFO - Fetched page 40, items=50
[2025-10-16T00:45:31.004+0000] {fetcher.py:37} INFO - Fetched page 41, items=50
[2025-10-16T00:45:31.642+0000] {fetcher.py:37} INFO - Fetched page 42, items=50
[2025-10-16T00:45:32.436+0000] {fetcher.py:37} INFO - Fetched page 43, items=50
[2025-10-16T00:45:33.157+0000] {fetcher.py:37} INFO - Fetched page 44, items=50
[2025-10-16T00:45:33.973+0000] {fetcher.py:37} INFO - Fetched page 45, items=50
[2025-10-16T00:45:34.689+0000] {fetcher.py:37} INFO - Fetched page 46, items=50
[2025-10-16T00:45:35.359+0000] {fetcher.py:37} INFO - Fetched page 47, items=50
[2025-10-16T00:45:36.123+0000] {fetcher.py:37} INFO - Fetched page 48, items=50
[2025-10-16T00:45:36.841+0000] {fetcher.py:37} INFO - Fetched page 49, items=50
[2025-10-16T00:45:37.558+0000] {fetcher.py:37} INFO - Fetched page 50, items=50
[2025-10-16T00:45:38.265+0000] {fetcher.py:37} INFO - Fetched page 51, items=50
[2025-10-16T00:45:39.093+0000] {fetcher.py:37} INFO - Fetched page 52, items=50
[2025-10-16T00:45:39.772+0000] {fetcher.py:37} INFO - Fetched page 53, items=50
[2025-10-16T00:45:40.488+0000] {fetcher.py:37} INFO - Fetched page 54, items=50
[2025-10-16T00:45:41.243+0000] {fetcher.py:37} INFO - Fetched page 55, items=50
[2025-10-16T00:45:41.959+0000] {fetcher.py:37} INFO - Fetched page 56, items=50
[2025-10-16T00:45:42.638+0000] {fetcher.py:37} INFO - Fetched page 57, items=50
[2025-10-16T00:45:43.351+0000] {fetcher.py:37} INFO - Fetched page 58, items=50
[2025-10-16T00:45:44.116+0000] {fetcher.py:37} INFO - Fetched page 59, items=50
[2025-10-16T00:45:44.827+0000] {fetcher.py:37} INFO - Fetched page 60, items=50
[2025-10-16T00:45:45.522+0000] {fetcher.py:37} INFO - Fetched page 61, items=50
[2025-10-16T00:45:46.260+0000] {fetcher.py:37} INFO - Fetched page 62, items=50
[2025-10-16T00:45:46.978+0000] {fetcher.py:37} INFO - Fetched page 63, items=50
[2025-10-16T00:45:47.694+0000] {fetcher.py:37} INFO - Fetched page 64, items=50
[2025-10-16T00:45:48.410+0000] {fetcher.py:37} INFO - Fetched page 65, items=50
[2025-10-16T00:45:49.230+0000] {fetcher.py:37} INFO - Fetched page 66, items=50
[2025-10-16T00:45:49.947+0000] {fetcher.py:37} INFO - Fetched page 67, items=50
[2025-10-16T00:45:50.704+0000] {fetcher.py:37} INFO - Fetched page 68, items=50
[2025-10-16T00:45:51.403+0000] {fetcher.py:37} INFO - Fetched page 69, items=50
[2025-10-16T00:45:52.199+0000] {fetcher.py:37} INFO - Fetched page 70, items=50
[2025-10-16T00:45:52.917+0000] {fetcher.py:37} INFO - Fetched page 71, items=50
[2025-10-16T00:45:53.634+0000] {fetcher.py:37} INFO - Fetched page 72, items=50
[2025-10-16T00:45:54.283+0000] {fetcher.py:37} INFO - Fetched page 73, items=50
[2025-10-16T00:45:55.067+0000] {fetcher.py:37} INFO - Fetched page 74, items=50
[2025-10-16T00:45:55.784+0000] {fetcher.py:37} INFO - Fetched page 75, items=50
[2025-10-16T00:45:56.501+0000] {fetcher.py:37} INFO - Fetched page 76, items=50
[2025-10-16T00:45:56.910+0000] {fetcher.py:37} INFO - Fetched page 77, items=50
[2025-10-16T00:45:57.627+0000] {fetcher.py:37} INFO - Fetched page 78, items=50
[2025-10-16T00:45:57.926+0000] {fetcher.py:37} INFO - Fetched page 79, items=50
[2025-10-16T00:45:58.565+0000] {fetcher.py:37} INFO - Fetched page 80, items=50
[2025-10-16T00:45:59.368+0000] {fetcher.py:37} INFO - Fetched page 81, items=50
[2025-10-16T00:46:00.086+0000] {fetcher.py:37} INFO - Fetched page 82, items=50
[2025-10-16T00:46:00.888+0000] {fetcher.py:37} INFO - Fetched page 83, items=50
[2025-10-16T00:46:01.578+0000] {fetcher.py:37} INFO - Fetched page 84, items=50
[2025-10-16T00:46:02.387+0000] {fetcher.py:37} INFO - Fetched page 85, items=50
[2025-10-16T00:46:03.158+0000] {fetcher.py:37} INFO - Fetched page 86, items=50
[2025-10-16T00:46:03.984+0000] {fetcher.py:37} INFO - Fetched page 87, items=50
[2025-10-16T00:46:04.326+0000] {fetcher.py:37} INFO - Fetched page 88, items=50
[2025-10-16T00:46:04.694+0000] {fetcher.py:37} INFO - Fetched page 89, items=50
[2025-10-16T00:46:05.450+0000] {fetcher.py:37} INFO - Fetched page 90, items=50
[2025-10-16T00:46:06.298+0000] {fetcher.py:37} INFO - Fetched page 91, items=50
[2025-10-16T00:46:07.042+0000] {fetcher.py:37} INFO - Fetched page 92, items=50
[2025-10-16T00:46:07.767+0000] {fetcher.py:37} INFO - Fetched page 93, items=50
[2025-10-16T00:46:08.429+0000] {fetcher.py:37} INFO - Fetched page 94, items=50
[2025-10-16T00:46:09.206+0000] {fetcher.py:37} INFO - Fetched page 95, items=50
[2025-10-16T00:46:12.309+0000] {fetcher.py:37} INFO - Fetched page 96, items=50
[2025-10-16T00:46:45.151+0000] {fetcher.py:37} INFO - Fetched page 97, items=50
[2025-10-16T00:46:57.547+0000] {fetcher.py:37} INFO - Fetched page 98, items=50
[2025-10-16T00:46:58.370+0000] {fetcher.py:37} INFO - Fetched page 99, items=50
[2025-10-16T00:46:59.070+0000] {fetcher.py:37} INFO - Fetched page 100, items=50
[2025-10-16T00:46:59.072+0000] {fetcher.py:42} WARNING - Reached max_pages; stopping pagination
[2025-10-16T00:46:59.085+0000] {taskinstance.py:441} INFO - ::group::Post task execution logs
[2025-10-16T00:46:59.088+0000] {taskinstance.py:2905} ERROR - Task failed with exception
Traceback (most recent call last):
  File "/home/airflow/.local/lib/python3.12/site-packages/airflow/models/taskinstance.py", line 465, in _execute_task
    result = _execute_callable(context=context, **execute_callable_kwargs)
             ^^^^^^^^^^^^^^^^^^^^^^^^^^^^^^^^^^^^^^^^^^^^^^^^^^^^^^^^^^^^^
  File "/home/airflow/.local/lib/python3.12/site-packages/airflow/models/taskinstance.py", line 432, in _execute_callable
    return execute_callable(context=context, **execute_callable_kwargs)
           ^^^^^^^^^^^^^^^^^^^^^^^^^^^^^^^^^^^^^^^^^^^^^^^^^^^^^^^^^^^^
  File "/home/airflow/.local/lib/python3.12/site-packages/airflow/models/baseoperator.py", line 401, in wrapper
    return func(self, *args, **kwargs)
           ^^^^^^^^^^^^^^^^^^^^^^^^^^^
  File "/home/airflow/.local/lib/python3.12/site-packages/airflow/operators/python.py", line 235, in execute
    return_value = self.execute_callable()
                   ^^^^^^^^^^^^^^^^^^^^^^^
  File "/home/airflow/.local/lib/python3.12/site-packages/airflow/operators/python.py", line 252, in execute_callable
    return self.python_callable(*self.op_args, **self.op_kwargs)
           ^^^^^^^^^^^^^^^^^^^^^^^^^^^^^^^^^^^^^^^^^^^^^^^^^^^^^
  File "/opt/airflow/dags/openbrewery_dag.py", line 46, in task_fetch
    return run_fetch_and_persist(bronze_dir=BRONZE_DIR)
           ^^^^^^^^^^^^^^^^^^^^^^^^^^^^^^^^^^^^^^^^^^^^
  File "/opt/airflow/dags/fetcher.py", line 61, in run_fetch_and_persist
    return write_bronze(data, bronze_dir)
           ^^^^^^^^^^^^^^^^^^^^^^^^^^^^^^
  File "/opt/airflow/dags/fetcher.py", line 51, in write_bronze
    os.makedirs(bronze_dir, exist_ok=True)
  File "<frozen os>", line 215, in makedirs
  File "<frozen os>", line 215, in makedirs
  File "<frozen os>", line 225, in makedirs
PermissionError: [Errno 13] Permission denied: '/data'
[2025-10-16T00:46:59.167+0000] {taskinstance.py:1206} INFO - Marking task as UP_FOR_RETRY. dag_id=openbrewery_medallion, task_id=fetch_bronze, run_id=scheduled__2025-10-15T00:00:00+00:00, execution_date=20251015T000000, start_date=20251016T004500, end_date=20251016T004659
[2025-10-16T00:46:59.224+0000] {standard_task_runner.py:110} ERROR - Failed to execute job 11 for task fetch_bronze ([Errno 13] Permission denied: '/data'; 2755)
[2025-10-16T00:46:59.283+0000] {local_task_job_runner.py:243} INFO - Task exited with return code 1
[2025-10-16T00:46:59.384+0000] {taskinstance.py:3503} INFO - 0 downstream tasks scheduled from follow-on schedule check
[2025-10-16T00:46:59.394+0000] {local_task_job_runner.py:222} INFO - ::endgroup::
