[2025-10-16T00:01:10.822+0000] {processor.py:161} INFO - Started process (PID=2678) to work on /opt/airflow/dags/openbrewery_dag.py
[2025-10-16T00:01:10.867+0000] {processor.py:830} INFO - Processing file /opt/airflow/dags/openbrewery_dag.py for tasks to queue
[2025-10-16T00:01:10.877+0000] {logging_mixin.py:188} INFO - [2025-10-16T00:01:10.872+0000] {dagbag.py:545} INFO - Filling up the DagBag from /opt/airflow/dags/openbrewery_dag.py
[2025-10-16T00:01:42.323+0000] {logging_mixin.py:188} INFO - [2025-10-16T00:01:41.865+0000] {timeout.py:68} ERROR - Process timed out, PID: 2678
[2025-10-16T00:02:23.502+0000] {processor.py:161} INFO - Started process (PID=2684) to work on /opt/airflow/dags/openbrewery_dag.py
[2025-10-16T00:02:23.504+0000] {processor.py:830} INFO - Processing file /opt/airflow/dags/openbrewery_dag.py for tasks to queue
[2025-10-16T00:02:23.508+0000] {logging_mixin.py:188} INFO - [2025-10-16T00:02:23.506+0000] {dagbag.py:545} INFO - Filling up the DagBag from /opt/airflow/dags/openbrewery_dag.py
[2025-10-16T00:02:57.694+0000] {logging_mixin.py:188} INFO - [2025-10-16T00:02:57.601+0000] {timeout.py:68} ERROR - Process timed out, PID: 2684
[2025-10-16T00:03:38.002+0000] {processor.py:161} INFO - Started process (PID=2690) to work on /opt/airflow/dags/openbrewery_dag.py
[2025-10-16T00:03:38.008+0000] {processor.py:830} INFO - Processing file /opt/airflow/dags/openbrewery_dag.py for tasks to queue
[2025-10-16T00:03:38.012+0000] {logging_mixin.py:188} INFO - [2025-10-16T00:03:38.009+0000] {dagbag.py:545} INFO - Filling up the DagBag from /opt/airflow/dags/openbrewery_dag.py
[2025-10-16T00:04:13.305+0000] {logging_mixin.py:188} INFO - [2025-10-16T00:04:09.526+0000] {timeout.py:68} ERROR - Process timed out, PID: 2690
[2025-10-16T00:04:52.678+0000] {processor.py:161} INFO - Started process (PID=2696) to work on /opt/airflow/dags/openbrewery_dag.py
[2025-10-16T00:04:52.681+0000] {processor.py:830} INFO - Processing file /opt/airflow/dags/openbrewery_dag.py for tasks to queue
[2025-10-16T00:04:52.690+0000] {logging_mixin.py:188} INFO - [2025-10-16T00:04:52.685+0000] {dagbag.py:545} INFO - Filling up the DagBag from /opt/airflow/dags/openbrewery_dag.py
[2025-10-16T00:05:22.823+0000] {logging_mixin.py:188} INFO - [2025-10-16T00:05:22.777+0000] {timeout.py:68} ERROR - Process timed out, PID: 2696
[2025-10-16T00:06:11.873+0000] {processor.py:161} INFO - Started process (PID=2702) to work on /opt/airflow/dags/openbrewery_dag.py
[2025-10-16T00:06:11.886+0000] {processor.py:830} INFO - Processing file /opt/airflow/dags/openbrewery_dag.py for tasks to queue
[2025-10-16T00:06:11.893+0000] {logging_mixin.py:188} INFO - [2025-10-16T00:06:11.888+0000] {dagbag.py:545} INFO - Filling up the DagBag from /opt/airflow/dags/openbrewery_dag.py
[2025-10-16T00:06:42.622+0000] {logging_mixin.py:188} INFO - [2025-10-16T00:06:42.590+0000] {timeout.py:68} ERROR - Process timed out, PID: 2702
[2025-10-16T00:07:22.539+0000] {processor.py:161} INFO - Started process (PID=2708) to work on /opt/airflow/dags/openbrewery_dag.py
[2025-10-16T00:07:22.543+0000] {processor.py:830} INFO - Processing file /opt/airflow/dags/openbrewery_dag.py for tasks to queue
[2025-10-16T00:07:22.546+0000] {logging_mixin.py:188} INFO - [2025-10-16T00:07:22.544+0000] {dagbag.py:545} INFO - Filling up the DagBag from /opt/airflow/dags/openbrewery_dag.py
[2025-10-16T00:07:52.863+0000] {logging_mixin.py:188} INFO - [2025-10-16T00:07:52.744+0000] {timeout.py:68} ERROR - Process timed out, PID: 2708
[2025-10-16T00:08:29.436+0000] {processor.py:161} INFO - Started process (PID=2714) to work on /opt/airflow/dags/openbrewery_dag.py
[2025-10-16T00:08:29.440+0000] {processor.py:830} INFO - Processing file /opt/airflow/dags/openbrewery_dag.py for tasks to queue
[2025-10-16T00:08:29.445+0000] {logging_mixin.py:188} INFO - [2025-10-16T00:08:29.442+0000] {dagbag.py:545} INFO - Filling up the DagBag from /opt/airflow/dags/openbrewery_dag.py
[2025-10-16T00:12:06.107+0000] {processor.py:161} INFO - Started process (PID=2717) to work on /opt/airflow/dags/openbrewery_dag.py
[2025-10-16T00:12:08.701+0000] {processor.py:830} INFO - Processing file /opt/airflow/dags/openbrewery_dag.py for tasks to queue
[2025-10-16T00:12:12.319+0000] {logging_mixin.py:188} INFO - [2025-10-16T00:12:09.541+0000] {dagbag.py:545} INFO - Filling up the DagBag from /opt/airflow/dags/openbrewery_dag.py
[2025-10-16T00:12:51.769+0000] {logging_mixin.py:188} INFO - [2025-10-16T00:12:48.213+0000] {timeout.py:68} ERROR - Process timed out, PID: 2717
[2025-10-16T00:14:05.061+0000] {processor.py:161} INFO - Started process (PID=2722) to work on /opt/airflow/dags/openbrewery_dag.py
[2025-10-16T00:14:06.594+0000] {processor.py:830} INFO - Processing file /opt/airflow/dags/openbrewery_dag.py for tasks to queue
[2025-10-16T00:14:09.873+0000] {logging_mixin.py:188} INFO - [2025-10-16T00:14:07.919+0000] {dagbag.py:545} INFO - Filling up the DagBag from /opt/airflow/dags/openbrewery_dag.py
[2025-10-16T00:15:59.346+0000] {processor.py:161} INFO - Started process (PID=2725) to work on /opt/airflow/dags/openbrewery_dag.py
[2025-10-16T00:15:59.355+0000] {processor.py:830} INFO - Processing file /opt/airflow/dags/openbrewery_dag.py for tasks to queue
[2025-10-16T00:15:59.359+0000] {logging_mixin.py:188} INFO - [2025-10-16T00:15:59.357+0000] {dagbag.py:545} INFO - Filling up the DagBag from /opt/airflow/dags/openbrewery_dag.py
[2025-10-16T00:18:29.515+0000] {processor.py:161} INFO - Started process (PID=2728) to work on /opt/airflow/dags/openbrewery_dag.py
[2025-10-16T00:18:31.095+0000] {processor.py:830} INFO - Processing file /opt/airflow/dags/openbrewery_dag.py for tasks to queue
[2025-10-16T00:18:31.355+0000] {logging_mixin.py:188} INFO - [2025-10-16T00:18:31.335+0000] {dagbag.py:545} INFO - Filling up the DagBag from /opt/airflow/dags/openbrewery_dag.py
[2025-10-16T00:30:51.724+0000] {processor.py:161} INFO - Started process (PID=2731) to work on /opt/airflow/dags/openbrewery_dag.py
[2025-10-16T00:30:52.527+0000] {processor.py:830} INFO - Processing file /opt/airflow/dags/openbrewery_dag.py for tasks to queue
[2025-10-16T00:30:58.404+0000] {logging_mixin.py:188} INFO - [2025-10-16T00:30:56.565+0000] {dagbag.py:545} INFO - Filling up the DagBag from /opt/airflow/dags/openbrewery_dag.py
[2025-10-16T00:35:30.157+0000] {processor.py:161} INFO - Started process (PID=2734) to work on /opt/airflow/dags/openbrewery_dag.py
[2025-10-16T00:35:42.119+0000] {processor.py:830} INFO - Processing file /opt/airflow/dags/openbrewery_dag.py for tasks to queue
[2025-10-16T00:37:09.674+0000] {logging_mixin.py:188} INFO - [2025-10-16T00:36:30.114+0000] {dagbag.py:545} INFO - Filling up the DagBag from /opt/airflow/dags/openbrewery_dag.py
[2025-10-16T00:39:10.743+0000] {processor.py:161} INFO - Started process (PID=2737) to work on /opt/airflow/dags/openbrewery_dag.py
[2025-10-16T00:39:13.938+0000] {processor.py:830} INFO - Processing file /opt/airflow/dags/openbrewery_dag.py for tasks to queue
[2025-10-16T00:39:20.784+0000] {logging_mixin.py:188} INFO - [2025-10-16T00:39:17.280+0000] {dagbag.py:545} INFO - Filling up the DagBag from /opt/airflow/dags/openbrewery_dag.py
[2025-10-16T00:40:30.594+0000] {logging_mixin.py:188} INFO - [2025-10-16T00:39:59.590+0000] {timeout.py:68} ERROR - Process timed out, PID: 2737
[2025-10-16T00:43:37.893+0000] {processor.py:161} INFO - Started process (PID=2741) to work on /opt/airflow/dags/openbrewery_dag.py
[2025-10-16T00:43:37.910+0000] {processor.py:830} INFO - Processing file /opt/airflow/dags/openbrewery_dag.py for tasks to queue
[2025-10-16T00:43:37.934+0000] {logging_mixin.py:188} INFO - [2025-10-16T00:43:37.922+0000] {dagbag.py:545} INFO - Filling up the DagBag from /opt/airflow/dags/openbrewery_dag.py
[2025-10-16T00:44:09.108+0000] {logging_mixin.py:188} INFO - [2025-10-16T00:44:08.726+0000] {timeout.py:68} ERROR - Process timed out, PID: 2741
[2025-10-16T00:44:56.588+0000] {processor.py:161} INFO - Started process (PID=2747) to work on /opt/airflow/dags/openbrewery_dag.py
[2025-10-16T00:44:56.590+0000] {processor.py:830} INFO - Processing file /opt/airflow/dags/openbrewery_dag.py for tasks to queue
[2025-10-16T00:44:56.593+0000] {logging_mixin.py:188} INFO - [2025-10-16T00:44:56.591+0000] {dagbag.py:545} INFO - Filling up the DagBag from /opt/airflow/dags/openbrewery_dag.py
[2025-10-16T00:44:57.524+0000] {processor.py:840} INFO - DAG(s) 'openbrewery_medallion' retrieved from /opt/airflow/dags/openbrewery_dag.py
[2025-10-16T00:44:57.805+0000] {logging_mixin.py:188} INFO - [2025-10-16T00:44:57.804+0000] {dag.py:3089} INFO - Sync 1 DAGs
[2025-10-16T00:44:57.837+0000] {logging_mixin.py:188} INFO - [2025-10-16T00:44:57.836+0000] {dag.py:3947} INFO - Setting next_dagrun for openbrewery_medallion to 2025-10-15 00:00:00+00:00, run_after=2025-10-16 00:00:00+00:00
[2025-10-16T00:44:57.882+0000] {processor.py:183} INFO - Processing /opt/airflow/dags/openbrewery_dag.py took 1.307 seconds
[2025-10-16T00:45:28.204+0000] {processor.py:161} INFO - Started process (PID=2756) to work on /opt/airflow/dags/openbrewery_dag.py
[2025-10-16T00:45:28.206+0000] {processor.py:830} INFO - Processing file /opt/airflow/dags/openbrewery_dag.py for tasks to queue
[2025-10-16T00:45:28.208+0000] {logging_mixin.py:188} INFO - [2025-10-16T00:45:28.207+0000] {dagbag.py:545} INFO - Filling up the DagBag from /opt/airflow/dags/openbrewery_dag.py
[2025-10-16T00:45:28.940+0000] {processor.py:840} INFO - DAG(s) 'openbrewery_medallion' retrieved from /opt/airflow/dags/openbrewery_dag.py
[2025-10-16T00:45:28.998+0000] {logging_mixin.py:188} INFO - [2025-10-16T00:45:28.997+0000] {dag.py:3089} INFO - Sync 1 DAGs
[2025-10-16T00:45:29.065+0000] {processor.py:183} INFO - Processing /opt/airflow/dags/openbrewery_dag.py took 0.882 seconds
[2025-10-16T00:45:59.371+0000] {processor.py:161} INFO - Started process (PID=2762) to work on /opt/airflow/dags/openbrewery_dag.py
[2025-10-16T00:45:59.375+0000] {processor.py:830} INFO - Processing file /opt/airflow/dags/openbrewery_dag.py for tasks to queue
[2025-10-16T00:45:59.377+0000] {logging_mixin.py:188} INFO - [2025-10-16T00:45:59.376+0000] {dagbag.py:545} INFO - Filling up the DagBag from /opt/airflow/dags/openbrewery_dag.py
[2025-10-16T00:46:00.508+0000] {processor.py:840} INFO - DAG(s) 'openbrewery_medallion' retrieved from /opt/airflow/dags/openbrewery_dag.py
[2025-10-16T00:46:00.667+0000] {logging_mixin.py:188} INFO - [2025-10-16T00:46:00.667+0000] {dag.py:3089} INFO - Sync 1 DAGs
[2025-10-16T00:46:00.763+0000] {processor.py:183} INFO - Processing /opt/airflow/dags/openbrewery_dag.py took 1.405 seconds
[2025-10-16T00:46:56.911+0000] {processor.py:161} INFO - Started process (PID=2768) to work on /opt/airflow/dags/openbrewery_dag.py
[2025-10-16T00:46:56.926+0000] {processor.py:830} INFO - Processing file /opt/airflow/dags/openbrewery_dag.py for tasks to queue
[2025-10-16T00:46:56.955+0000] {logging_mixin.py:188} INFO - [2025-10-16T00:46:56.935+0000] {dagbag.py:545} INFO - Filling up the DagBag from /opt/airflow/dags/openbrewery_dag.py
[2025-10-16T00:46:59.968+0000] {processor.py:840} INFO - DAG(s) 'openbrewery_medallion' retrieved from /opt/airflow/dags/openbrewery_dag.py
[2025-10-16T00:47:00.070+0000] {logging_mixin.py:188} INFO - [2025-10-16T00:47:00.069+0000] {dag.py:3089} INFO - Sync 1 DAGs
[2025-10-16T00:47:00.159+0000] {processor.py:183} INFO - Processing /opt/airflow/dags/openbrewery_dag.py took 3.352 seconds
[2025-10-16T00:47:30.518+0000] {processor.py:161} INFO - Started process (PID=2774) to work on /opt/airflow/dags/openbrewery_dag.py
[2025-10-16T00:47:30.520+0000] {processor.py:830} INFO - Processing file /opt/airflow/dags/openbrewery_dag.py for tasks to queue
[2025-10-16T00:47:30.522+0000] {logging_mixin.py:188} INFO - [2025-10-16T00:47:30.522+0000] {dagbag.py:545} INFO - Filling up the DagBag from /opt/airflow/dags/openbrewery_dag.py
[2025-10-16T00:47:31.556+0000] {processor.py:840} INFO - DAG(s) 'openbrewery_medallion' retrieved from /opt/airflow/dags/openbrewery_dag.py
[2025-10-16T00:47:31.740+0000] {logging_mixin.py:188} INFO - [2025-10-16T00:47:31.739+0000] {dag.py:3089} INFO - Sync 1 DAGs
[2025-10-16T00:47:31.825+0000] {processor.py:183} INFO - Processing /opt/airflow/dags/openbrewery_dag.py took 1.320 seconds
[2025-10-16T00:48:02.173+0000] {processor.py:161} INFO - Started process (PID=2780) to work on /opt/airflow/dags/openbrewery_dag.py
[2025-10-16T00:48:02.177+0000] {processor.py:830} INFO - Processing file /opt/airflow/dags/openbrewery_dag.py for tasks to queue
[2025-10-16T00:48:02.179+0000] {logging_mixin.py:188} INFO - [2025-10-16T00:48:02.178+0000] {dagbag.py:545} INFO - Filling up the DagBag from /opt/airflow/dags/openbrewery_dag.py
[2025-10-16T00:48:03.429+0000] {processor.py:840} INFO - DAG(s) 'openbrewery_medallion' retrieved from /opt/airflow/dags/openbrewery_dag.py
[2025-10-16T00:48:03.511+0000] {logging_mixin.py:188} INFO - [2025-10-16T00:48:03.511+0000] {dag.py:3089} INFO - Sync 1 DAGs
[2025-10-16T00:48:03.613+0000] {processor.py:183} INFO - Processing /opt/airflow/dags/openbrewery_dag.py took 1.453 seconds
[2025-10-16T00:48:33.972+0000] {processor.py:161} INFO - Started process (PID=2786) to work on /opt/airflow/dags/openbrewery_dag.py
[2025-10-16T00:48:33.975+0000] {processor.py:830} INFO - Processing file /opt/airflow/dags/openbrewery_dag.py for tasks to queue
[2025-10-16T00:48:33.980+0000] {logging_mixin.py:188} INFO - [2025-10-16T00:48:33.977+0000] {dagbag.py:545} INFO - Filling up the DagBag from /opt/airflow/dags/openbrewery_dag.py
[2025-10-16T00:48:53.301+0000] {processor.py:840} INFO - DAG(s) 'openbrewery_medallion' retrieved from /opt/airflow/dags/openbrewery_dag.py
[2025-10-16T00:48:53.514+0000] {logging_mixin.py:188} INFO - [2025-10-16T00:48:53.509+0000] {dag.py:3089} INFO - Sync 1 DAGs
[2025-10-16T00:48:53.646+0000] {processor.py:183} INFO - Processing /opt/airflow/dags/openbrewery_dag.py took 19.696 seconds
[2025-10-16T00:49:24.050+0000] {processor.py:161} INFO - Started process (PID=2795) to work on /opt/airflow/dags/openbrewery_dag.py
[2025-10-16T00:49:24.051+0000] {processor.py:830} INFO - Processing file /opt/airflow/dags/openbrewery_dag.py for tasks to queue
[2025-10-16T00:49:24.054+0000] {logging_mixin.py:188} INFO - [2025-10-16T00:49:24.054+0000] {dagbag.py:545} INFO - Filling up the DagBag from /opt/airflow/dags/openbrewery_dag.py
[2025-10-16T00:49:25.582+0000] {processor.py:840} INFO - DAG(s) 'openbrewery_medallion' retrieved from /opt/airflow/dags/openbrewery_dag.py
[2025-10-16T00:49:25.729+0000] {logging_mixin.py:188} INFO - [2025-10-16T00:49:25.728+0000] {dag.py:3089} INFO - Sync 1 DAGs
[2025-10-16T00:49:25.941+0000] {processor.py:183} INFO - Processing /opt/airflow/dags/openbrewery_dag.py took 1.903 seconds
[2025-10-16T00:49:56.400+0000] {processor.py:161} INFO - Started process (PID=2801) to work on /opt/airflow/dags/openbrewery_dag.py
[2025-10-16T00:49:56.402+0000] {processor.py:830} INFO - Processing file /opt/airflow/dags/openbrewery_dag.py for tasks to queue
[2025-10-16T00:49:56.406+0000] {logging_mixin.py:188} INFO - [2025-10-16T00:49:56.405+0000] {dagbag.py:545} INFO - Filling up the DagBag from /opt/airflow/dags/openbrewery_dag.py
[2025-10-16T00:49:57.244+0000] {processor.py:840} INFO - DAG(s) 'openbrewery_medallion' retrieved from /opt/airflow/dags/openbrewery_dag.py
[2025-10-16T00:49:57.303+0000] {logging_mixin.py:188} INFO - [2025-10-16T00:49:57.302+0000] {dag.py:3089} INFO - Sync 1 DAGs
[2025-10-16T00:49:57.367+0000] {processor.py:183} INFO - Processing /opt/airflow/dags/openbrewery_dag.py took 0.984 seconds
[2025-10-16T00:50:27.745+0000] {processor.py:161} INFO - Started process (PID=2807) to work on /opt/airflow/dags/openbrewery_dag.py
[2025-10-16T00:50:27.747+0000] {processor.py:830} INFO - Processing file /opt/airflow/dags/openbrewery_dag.py for tasks to queue
[2025-10-16T00:50:27.749+0000] {logging_mixin.py:188} INFO - [2025-10-16T00:50:27.748+0000] {dagbag.py:545} INFO - Filling up the DagBag from /opt/airflow/dags/openbrewery_dag.py
[2025-10-16T00:50:28.659+0000] {processor.py:840} INFO - DAG(s) 'openbrewery_medallion' retrieved from /opt/airflow/dags/openbrewery_dag.py
[2025-10-16T00:50:28.712+0000] {logging_mixin.py:188} INFO - [2025-10-16T00:50:28.711+0000] {dag.py:3089} INFO - Sync 1 DAGs
[2025-10-16T00:50:28.791+0000] {processor.py:183} INFO - Processing /opt/airflow/dags/openbrewery_dag.py took 1.064 seconds
[2025-10-16T00:50:59.084+0000] {processor.py:161} INFO - Started process (PID=2813) to work on /opt/airflow/dags/openbrewery_dag.py
[2025-10-16T00:50:59.086+0000] {processor.py:830} INFO - Processing file /opt/airflow/dags/openbrewery_dag.py for tasks to queue
[2025-10-16T00:50:59.088+0000] {logging_mixin.py:188} INFO - [2025-10-16T00:50:59.088+0000] {dagbag.py:545} INFO - Filling up the DagBag from /opt/airflow/dags/openbrewery_dag.py
[2025-10-16T00:50:59.836+0000] {processor.py:840} INFO - DAG(s) 'openbrewery_medallion' retrieved from /opt/airflow/dags/openbrewery_dag.py
[2025-10-16T00:50:59.887+0000] {logging_mixin.py:188} INFO - [2025-10-16T00:50:59.886+0000] {dag.py:3089} INFO - Sync 1 DAGs
[2025-10-16T00:50:59.948+0000] {processor.py:183} INFO - Processing /opt/airflow/dags/openbrewery_dag.py took 0.880 seconds
[2025-10-16T00:51:30.355+0000] {processor.py:161} INFO - Started process (PID=2822) to work on /opt/airflow/dags/openbrewery_dag.py
[2025-10-16T00:51:30.361+0000] {processor.py:830} INFO - Processing file /opt/airflow/dags/openbrewery_dag.py for tasks to queue
[2025-10-16T00:51:30.365+0000] {logging_mixin.py:188} INFO - [2025-10-16T00:51:30.364+0000] {dagbag.py:545} INFO - Filling up the DagBag from /opt/airflow/dags/openbrewery_dag.py
[2025-10-16T00:51:32.269+0000] {processor.py:840} INFO - DAG(s) 'openbrewery_medallion' retrieved from /opt/airflow/dags/openbrewery_dag.py
[2025-10-16T00:51:32.461+0000] {logging_mixin.py:188} INFO - [2025-10-16T00:51:32.460+0000] {dag.py:3089} INFO - Sync 1 DAGs
[2025-10-16T00:51:32.585+0000] {processor.py:183} INFO - Processing /opt/airflow/dags/openbrewery_dag.py took 2.253 seconds
[2025-10-16T00:53:51.696+0000] {processor.py:161} INFO - Started process (PID=2828) to work on /opt/airflow/dags/openbrewery_dag.py
[2025-10-16T00:53:51.709+0000] {processor.py:830} INFO - Processing file /opt/airflow/dags/openbrewery_dag.py for tasks to queue
[2025-10-16T00:53:51.720+0000] {logging_mixin.py:188} INFO - [2025-10-16T00:53:51.718+0000] {dagbag.py:545} INFO - Filling up the DagBag from /opt/airflow/dags/openbrewery_dag.py
[2025-10-16T00:54:22.544+0000] {processor.py:161} INFO - Started process (PID=2831) to work on /opt/airflow/dags/openbrewery_dag.py
[2025-10-16T00:54:22.546+0000] {processor.py:830} INFO - Processing file /opt/airflow/dags/openbrewery_dag.py for tasks to queue
[2025-10-16T00:54:22.548+0000] {logging_mixin.py:188} INFO - [2025-10-16T00:54:22.547+0000] {dagbag.py:545} INFO - Filling up the DagBag from /opt/airflow/dags/openbrewery_dag.py
[2025-10-16T00:54:23.973+0000] {processor.py:840} INFO - DAG(s) 'openbrewery_medallion' retrieved from /opt/airflow/dags/openbrewery_dag.py
[2025-10-16T00:54:24.167+0000] {logging_mixin.py:188} INFO - [2025-10-16T00:54:24.163+0000] {dag.py:3089} INFO - Sync 1 DAGs
[2025-10-16T00:54:24.243+0000] {logging_mixin.py:188} INFO - [2025-10-16T00:54:24.241+0000] {dag.py:3947} INFO - Setting next_dagrun for openbrewery_medallion to 2025-10-16 00:00:00+00:00, run_after=2025-10-17 00:00:00+00:00
[2025-10-16T00:54:24.286+0000] {processor.py:183} INFO - Processing /opt/airflow/dags/openbrewery_dag.py took 1.757 seconds
[2025-10-16T00:54:54.709+0000] {processor.py:161} INFO - Started process (PID=2837) to work on /opt/airflow/dags/openbrewery_dag.py
[2025-10-16T00:54:54.711+0000] {processor.py:830} INFO - Processing file /opt/airflow/dags/openbrewery_dag.py for tasks to queue
[2025-10-16T00:54:54.713+0000] {logging_mixin.py:188} INFO - [2025-10-16T00:54:54.713+0000] {dagbag.py:545} INFO - Filling up the DagBag from /opt/airflow/dags/openbrewery_dag.py
[2025-10-16T00:55:37.690+0000] {logging_mixin.py:188} INFO - [2025-10-16T00:55:28.076+0000] {timeout.py:68} ERROR - Process timed out, PID: 2837
[2025-10-16T00:56:29.614+0000] {processor.py:161} INFO - Started process (PID=2843) to work on /opt/airflow/dags/openbrewery_dag.py
[2025-10-16T00:56:29.615+0000] {processor.py:830} INFO - Processing file /opt/airflow/dags/openbrewery_dag.py for tasks to queue
[2025-10-16T00:56:29.619+0000] {logging_mixin.py:188} INFO - [2025-10-16T00:56:29.617+0000] {dagbag.py:545} INFO - Filling up the DagBag from /opt/airflow/dags/openbrewery_dag.py
[2025-10-16T00:57:01.028+0000] {logging_mixin.py:188} INFO - [2025-10-16T00:57:01.001+0000] {timeout.py:68} ERROR - Process timed out, PID: 2843
[2025-10-16T00:57:39.634+0000] {processor.py:161} INFO - Started process (PID=2849) to work on /opt/airflow/dags/openbrewery_dag.py
[2025-10-16T00:57:39.635+0000] {processor.py:830} INFO - Processing file /opt/airflow/dags/openbrewery_dag.py for tasks to queue
[2025-10-16T00:57:39.637+0000] {logging_mixin.py:188} INFO - [2025-10-16T00:57:39.636+0000] {dagbag.py:545} INFO - Filling up the DagBag from /opt/airflow/dags/openbrewery_dag.py
[2025-10-16T00:58:11.436+0000] {logging_mixin.py:188} INFO - [2025-10-16T00:58:10.166+0000] {timeout.py:68} ERROR - Process timed out, PID: 2849
[2025-10-16T00:59:01.613+0000] {processor.py:161} INFO - Started process (PID=2855) to work on /opt/airflow/dags/openbrewery_dag.py
[2025-10-16T00:59:01.615+0000] {processor.py:830} INFO - Processing file /opt/airflow/dags/openbrewery_dag.py for tasks to queue
[2025-10-16T00:59:01.618+0000] {logging_mixin.py:188} INFO - [2025-10-16T00:59:01.616+0000] {dagbag.py:545} INFO - Filling up the DagBag from /opt/airflow/dags/openbrewery_dag.py
[2025-10-16T00:59:04.253+0000] {processor.py:840} INFO - DAG(s) 'openbrewery_medallion' retrieved from /opt/airflow/dags/openbrewery_dag.py
[2025-10-16T01:01:11.031+0000] {processor.py:161} INFO - Started process (PID=2859) to work on /opt/airflow/dags/openbrewery_dag.py
[2025-10-16T01:01:11.033+0000] {processor.py:830} INFO - Processing file /opt/airflow/dags/openbrewery_dag.py for tasks to queue
[2025-10-16T01:01:11.036+0000] {logging_mixin.py:188} INFO - [2025-10-16T01:01:11.035+0000] {dagbag.py:545} INFO - Filling up the DagBag from /opt/airflow/dags/openbrewery_dag.py
[2025-10-16T01:01:48.021+0000] {logging_mixin.py:188} INFO - [2025-10-16T01:01:41.284+0000] {timeout.py:68} ERROR - Process timed out, PID: 2859
[2025-10-16T01:02:34.425+0000] {processor.py:161} INFO - Started process (PID=2865) to work on /opt/airflow/dags/openbrewery_dag.py
[2025-10-16T01:02:34.427+0000] {processor.py:830} INFO - Processing file /opt/airflow/dags/openbrewery_dag.py for tasks to queue
[2025-10-16T01:02:34.430+0000] {logging_mixin.py:188} INFO - [2025-10-16T01:02:34.429+0000] {dagbag.py:545} INFO - Filling up the DagBag from /opt/airflow/dags/openbrewery_dag.py
[2025-10-16T01:03:05.978+0000] {logging_mixin.py:188} INFO - [2025-10-16T01:03:05.945+0000] {timeout.py:68} ERROR - Process timed out, PID: 2865
[2025-10-16T01:03:40.172+0000] {processor.py:161} INFO - Started process (PID=2871) to work on /opt/airflow/dags/openbrewery_dag.py
[2025-10-16T01:03:40.175+0000] {processor.py:830} INFO - Processing file /opt/airflow/dags/openbrewery_dag.py for tasks to queue
[2025-10-16T01:03:40.181+0000] {logging_mixin.py:188} INFO - [2025-10-16T01:03:40.178+0000] {dagbag.py:545} INFO - Filling up the DagBag from /opt/airflow/dags/openbrewery_dag.py
[2025-10-16T01:03:56.659+0000] {processor.py:840} INFO - DAG(s) 'openbrewery_medallion' retrieved from /opt/airflow/dags/openbrewery_dag.py
[2025-10-16T01:03:57.257+0000] {logging_mixin.py:188} INFO - [2025-10-16T01:03:57.253+0000] {dag.py:3089} INFO - Sync 1 DAGs
[2025-10-16T01:03:57.302+0000] {logging_mixin.py:188} INFO - [2025-10-16T01:03:57.302+0000] {dag.py:3947} INFO - Setting next_dagrun for openbrewery_medallion to 2025-10-16 00:00:00+00:00, run_after=2025-10-17 00:00:00+00:00
[2025-10-16T01:03:57.346+0000] {processor.py:183} INFO - Processing /opt/airflow/dags/openbrewery_dag.py took 17.204 seconds
[2025-10-16T01:04:27.700+0000] {processor.py:161} INFO - Started process (PID=2877) to work on /opt/airflow/dags/openbrewery_dag.py
[2025-10-16T01:04:27.702+0000] {processor.py:830} INFO - Processing file /opt/airflow/dags/openbrewery_dag.py for tasks to queue
[2025-10-16T01:04:27.705+0000] {logging_mixin.py:188} INFO - [2025-10-16T01:04:27.704+0000] {dagbag.py:545} INFO - Filling up the DagBag from /opt/airflow/dags/openbrewery_dag.py
[2025-10-16T01:04:28.838+0000] {processor.py:840} INFO - DAG(s) 'openbrewery_medallion' retrieved from /opt/airflow/dags/openbrewery_dag.py
[2025-10-16T01:04:28.892+0000] {logging_mixin.py:188} INFO - [2025-10-16T01:04:28.892+0000] {dag.py:3089} INFO - Sync 1 DAGs
[2025-10-16T01:04:28.930+0000] {logging_mixin.py:188} INFO - [2025-10-16T01:04:28.929+0000] {dag.py:3947} INFO - Setting next_dagrun for openbrewery_medallion to 2025-10-16 00:00:00+00:00, run_after=2025-10-17 00:00:00+00:00
[2025-10-16T01:04:28.968+0000] {processor.py:183} INFO - Processing /opt/airflow/dags/openbrewery_dag.py took 1.286 seconds
[2025-10-16T01:04:59.342+0000] {processor.py:161} INFO - Started process (PID=2883) to work on /opt/airflow/dags/openbrewery_dag.py
[2025-10-16T01:04:59.344+0000] {processor.py:830} INFO - Processing file /opt/airflow/dags/openbrewery_dag.py for tasks to queue
[2025-10-16T01:04:59.347+0000] {logging_mixin.py:188} INFO - [2025-10-16T01:04:59.346+0000] {dagbag.py:545} INFO - Filling up the DagBag from /opt/airflow/dags/openbrewery_dag.py
[2025-10-16T01:05:00.361+0000] {processor.py:840} INFO - DAG(s) 'openbrewery_medallion' retrieved from /opt/airflow/dags/openbrewery_dag.py
[2025-10-16T01:05:00.421+0000] {logging_mixin.py:188} INFO - [2025-10-16T01:05:00.420+0000] {dag.py:3089} INFO - Sync 1 DAGs
[2025-10-16T01:05:00.460+0000] {logging_mixin.py:188} INFO - [2025-10-16T01:05:00.460+0000] {dag.py:3947} INFO - Setting next_dagrun for openbrewery_medallion to 2025-10-16 00:00:00+00:00, run_after=2025-10-17 00:00:00+00:00
[2025-10-16T01:05:00.502+0000] {processor.py:183} INFO - Processing /opt/airflow/dags/openbrewery_dag.py took 1.178 seconds
[2025-10-16T01:05:30.646+0000] {processor.py:161} INFO - Started process (PID=2889) to work on /opt/airflow/dags/openbrewery_dag.py
[2025-10-16T01:05:30.647+0000] {processor.py:830} INFO - Processing file /opt/airflow/dags/openbrewery_dag.py for tasks to queue
[2025-10-16T01:05:30.650+0000] {logging_mixin.py:188} INFO - [2025-10-16T01:05:30.649+0000] {dagbag.py:545} INFO - Filling up the DagBag from /opt/airflow/dags/openbrewery_dag.py
[2025-10-16T01:05:31.521+0000] {processor.py:840} INFO - DAG(s) 'openbrewery_medallion' retrieved from /opt/airflow/dags/openbrewery_dag.py
[2025-10-16T01:05:31.582+0000] {logging_mixin.py:188} INFO - [2025-10-16T01:05:31.581+0000] {dag.py:3089} INFO - Sync 1 DAGs
[2025-10-16T01:05:31.633+0000] {logging_mixin.py:188} INFO - [2025-10-16T01:05:31.632+0000] {dag.py:3947} INFO - Setting next_dagrun for openbrewery_medallion to 2025-10-16 00:00:00+00:00, run_after=2025-10-17 00:00:00+00:00
[2025-10-16T01:05:31.664+0000] {processor.py:183} INFO - Processing /opt/airflow/dags/openbrewery_dag.py took 1.029 seconds
[2025-10-16T01:06:02.001+0000] {processor.py:161} INFO - Started process (PID=2895) to work on /opt/airflow/dags/openbrewery_dag.py
[2025-10-16T01:06:02.004+0000] {processor.py:830} INFO - Processing file /opt/airflow/dags/openbrewery_dag.py for tasks to queue
[2025-10-16T01:06:02.006+0000] {logging_mixin.py:188} INFO - [2025-10-16T01:06:02.005+0000] {dagbag.py:545} INFO - Filling up the DagBag from /opt/airflow/dags/openbrewery_dag.py
[2025-10-16T01:06:02.765+0000] {processor.py:840} INFO - DAG(s) 'openbrewery_medallion' retrieved from /opt/airflow/dags/openbrewery_dag.py
[2025-10-16T01:06:02.816+0000] {logging_mixin.py:188} INFO - [2025-10-16T01:06:02.815+0000] {dag.py:3089} INFO - Sync 1 DAGs
[2025-10-16T01:06:02.850+0000] {logging_mixin.py:188} INFO - [2025-10-16T01:06:02.850+0000] {dag.py:3947} INFO - Setting next_dagrun for openbrewery_medallion to 2025-10-16 00:00:00+00:00, run_after=2025-10-17 00:00:00+00:00
[2025-10-16T01:06:02.883+0000] {processor.py:183} INFO - Processing /opt/airflow/dags/openbrewery_dag.py took 0.895 seconds
[2025-10-16T01:06:33.180+0000] {processor.py:161} INFO - Started process (PID=2901) to work on /opt/airflow/dags/openbrewery_dag.py
[2025-10-16T01:06:33.182+0000] {processor.py:830} INFO - Processing file /opt/airflow/dags/openbrewery_dag.py for tasks to queue
[2025-10-16T01:06:33.184+0000] {logging_mixin.py:188} INFO - [2025-10-16T01:06:33.184+0000] {dagbag.py:545} INFO - Filling up the DagBag from /opt/airflow/dags/openbrewery_dag.py
[2025-10-16T01:06:34.204+0000] {processor.py:840} INFO - DAG(s) 'openbrewery_medallion' retrieved from /opt/airflow/dags/openbrewery_dag.py
[2025-10-16T01:06:34.328+0000] {logging_mixin.py:188} INFO - [2025-10-16T01:06:34.324+0000] {dag.py:3089} INFO - Sync 1 DAGs
[2025-10-16T01:06:34.365+0000] {logging_mixin.py:188} INFO - [2025-10-16T01:06:34.365+0000] {dag.py:3947} INFO - Setting next_dagrun for openbrewery_medallion to 2025-10-16 00:00:00+00:00, run_after=2025-10-17 00:00:00+00:00
[2025-10-16T01:06:34.398+0000] {processor.py:183} INFO - Processing /opt/airflow/dags/openbrewery_dag.py took 1.237 seconds
[2025-10-16T01:07:04.565+0000] {processor.py:161} INFO - Started process (PID=2907) to work on /opt/airflow/dags/openbrewery_dag.py
[2025-10-16T01:07:04.568+0000] {processor.py:830} INFO - Processing file /opt/airflow/dags/openbrewery_dag.py for tasks to queue
[2025-10-16T01:07:04.570+0000] {logging_mixin.py:188} INFO - [2025-10-16T01:07:04.569+0000] {dagbag.py:545} INFO - Filling up the DagBag from /opt/airflow/dags/openbrewery_dag.py
[2025-10-16T01:07:35.212+0000] {logging_mixin.py:188} INFO - [2025-10-16T01:07:35.190+0000] {timeout.py:68} ERROR - Process timed out, PID: 2907
[2025-10-16T01:08:28.537+0000] {processor.py:161} INFO - Started process (PID=2913) to work on /opt/airflow/dags/openbrewery_dag.py
[2025-10-16T01:08:28.539+0000] {processor.py:830} INFO - Processing file /opt/airflow/dags/openbrewery_dag.py for tasks to queue
[2025-10-16T01:08:28.542+0000] {logging_mixin.py:188} INFO - [2025-10-16T01:08:28.540+0000] {dagbag.py:545} INFO - Filling up the DagBag from /opt/airflow/dags/openbrewery_dag.py
[2025-10-16T01:08:59.015+0000] {logging_mixin.py:188} INFO - [2025-10-16T01:08:58.843+0000] {timeout.py:68} ERROR - Process timed out, PID: 2913
[2025-10-16T01:09:41.969+0000] {processor.py:161} INFO - Started process (PID=2919) to work on /opt/airflow/dags/openbrewery_dag.py
[2025-10-16T01:09:41.972+0000] {processor.py:830} INFO - Processing file /opt/airflow/dags/openbrewery_dag.py for tasks to queue
[2025-10-16T01:09:41.975+0000] {logging_mixin.py:188} INFO - [2025-10-16T01:09:41.973+0000] {dagbag.py:545} INFO - Filling up the DagBag from /opt/airflow/dags/openbrewery_dag.py
[2025-10-16T01:10:13.881+0000] {logging_mixin.py:188} INFO - [2025-10-16T01:10:12.144+0000] {timeout.py:68} ERROR - Process timed out, PID: 2919
[2025-10-16T01:10:51.745+0000] {processor.py:161} INFO - Started process (PID=2925) to work on /opt/airflow/dags/openbrewery_dag.py
[2025-10-16T01:10:51.747+0000] {processor.py:830} INFO - Processing file /opt/airflow/dags/openbrewery_dag.py for tasks to queue
[2025-10-16T01:10:51.750+0000] {logging_mixin.py:188} INFO - [2025-10-16T01:10:51.748+0000] {dagbag.py:545} INFO - Filling up the DagBag from /opt/airflow/dags/openbrewery_dag.py
[2025-10-16T01:11:27.290+0000] {logging_mixin.py:188} INFO - [2025-10-16T01:11:23.783+0000] {timeout.py:68} ERROR - Process timed out, PID: 2925
[2025-10-16T01:12:29.897+0000] {processor.py:161} INFO - Started process (PID=2931) to work on /opt/airflow/dags/openbrewery_dag.py
[2025-10-16T01:12:29.899+0000] {processor.py:830} INFO - Processing file /opt/airflow/dags/openbrewery_dag.py for tasks to queue
[2025-10-16T01:12:29.905+0000] {logging_mixin.py:188} INFO - [2025-10-16T01:12:29.902+0000] {dagbag.py:545} INFO - Filling up the DagBag from /opt/airflow/dags/openbrewery_dag.py
[2025-10-16T01:12:37.609+0000] {processor.py:840} INFO - DAG(s) 'openbrewery_medallion' retrieved from /opt/airflow/dags/openbrewery_dag.py
[2025-10-16T01:17:42.356+0000] {logging_mixin.py:188} INFO - [2025-10-16T01:17:38.932+0000] {dag.py:3089} INFO - Sync 1 DAGs
[2025-10-16T01:18:14.442+0000] {processor.py:161} INFO - Started process (PID=2935) to work on /opt/airflow/dags/openbrewery_dag.py
[2025-10-16T01:18:14.444+0000] {processor.py:830} INFO - Processing file /opt/airflow/dags/openbrewery_dag.py for tasks to queue
[2025-10-16T01:18:14.448+0000] {logging_mixin.py:188} INFO - [2025-10-16T01:18:14.446+0000] {dagbag.py:545} INFO - Filling up the DagBag from /opt/airflow/dags/openbrewery_dag.py
[2025-10-16T01:18:49.053+0000] {logging_mixin.py:188} INFO - [2025-10-16T01:18:46.134+0000] {timeout.py:68} ERROR - Process timed out, PID: 2935
[2025-10-16T01:19:37.178+0000] {processor.py:161} INFO - Started process (PID=2941) to work on /opt/airflow/dags/openbrewery_dag.py
[2025-10-16T01:19:37.180+0000] {processor.py:830} INFO - Processing file /opt/airflow/dags/openbrewery_dag.py for tasks to queue
[2025-10-16T01:19:37.183+0000] {logging_mixin.py:188} INFO - [2025-10-16T01:19:37.181+0000] {dagbag.py:545} INFO - Filling up the DagBag from /opt/airflow/dags/openbrewery_dag.py
[2025-10-16T01:20:09.183+0000] {logging_mixin.py:188} INFO - [2025-10-16T01:20:08.359+0000] {timeout.py:68} ERROR - Process timed out, PID: 2941
[2025-10-16T01:20:43.163+0000] {processor.py:161} INFO - Started process (PID=2947) to work on /opt/airflow/dags/openbrewery_dag.py
[2025-10-16T01:20:43.165+0000] {processor.py:830} INFO - Processing file /opt/airflow/dags/openbrewery_dag.py for tasks to queue
[2025-10-16T01:20:43.168+0000] {logging_mixin.py:188} INFO - [2025-10-16T01:20:43.167+0000] {dagbag.py:545} INFO - Filling up the DagBag from /opt/airflow/dags/openbrewery_dag.py
[2025-10-16T01:20:50.158+0000] {processor.py:840} INFO - DAG(s) 'openbrewery_medallion' retrieved from /opt/airflow/dags/openbrewery_dag.py
[2025-10-16T01:22:12.582+0000] {processor.py:161} INFO - Started process (PID=2951) to work on /opt/airflow/dags/openbrewery_dag.py
[2025-10-16T01:22:12.584+0000] {processor.py:830} INFO - Processing file /opt/airflow/dags/openbrewery_dag.py for tasks to queue
[2025-10-16T01:22:12.586+0000] {logging_mixin.py:188} INFO - [2025-10-16T01:22:12.585+0000] {dagbag.py:545} INFO - Filling up the DagBag from /opt/airflow/dags/openbrewery_dag.py
[2025-10-16T01:22:23.236+0000] {processor.py:840} INFO - DAG(s) 'openbrewery_medallion' retrieved from /opt/airflow/dags/openbrewery_dag.py
[2025-10-16T01:23:38.040+0000] {processor.py:161} INFO - Started process (PID=2955) to work on /opt/airflow/dags/openbrewery_dag.py
[2025-10-16T01:23:38.042+0000] {processor.py:830} INFO - Processing file /opt/airflow/dags/openbrewery_dag.py for tasks to queue
[2025-10-16T01:23:38.047+0000] {logging_mixin.py:188} INFO - [2025-10-16T01:23:38.045+0000] {dagbag.py:545} INFO - Filling up the DagBag from /opt/airflow/dags/openbrewery_dag.py
[2025-10-16T01:23:58.055+0000] {processor.py:840} INFO - DAG(s) 'openbrewery_medallion' retrieved from /opt/airflow/dags/openbrewery_dag.py
[2025-10-16T01:26:52.339+0000] {processor.py:161} INFO - Started process (PID=2959) to work on /opt/airflow/dags/openbrewery_dag.py
[2025-10-16T01:26:52.341+0000] {processor.py:830} INFO - Processing file /opt/airflow/dags/openbrewery_dag.py for tasks to queue
[2025-10-16T01:26:52.344+0000] {logging_mixin.py:188} INFO - [2025-10-16T01:26:52.342+0000] {dagbag.py:545} INFO - Filling up the DagBag from /opt/airflow/dags/openbrewery_dag.py
[2025-10-16T01:26:57.210+0000] {processor.py:840} INFO - DAG(s) 'openbrewery_medallion' retrieved from /opt/airflow/dags/openbrewery_dag.py
[2025-10-16T01:28:13.968+0000] {processor.py:161} INFO - Started process (PID=2963) to work on /opt/airflow/dags/openbrewery_dag.py
[2025-10-16T01:28:13.969+0000] {processor.py:830} INFO - Processing file /opt/airflow/dags/openbrewery_dag.py for tasks to queue
[2025-10-16T01:28:13.973+0000] {logging_mixin.py:188} INFO - [2025-10-16T01:28:13.971+0000] {dagbag.py:545} INFO - Filling up the DagBag from /opt/airflow/dags/openbrewery_dag.py
[2025-10-16T01:28:47.165+0000] {logging_mixin.py:188} INFO - [2025-10-16T01:28:44.582+0000] {timeout.py:68} ERROR - Process timed out, PID: 2963
[2025-10-16T01:29:38.311+0000] {processor.py:161} INFO - Started process (PID=2969) to work on /opt/airflow/dags/openbrewery_dag.py
[2025-10-16T01:29:38.313+0000] {processor.py:830} INFO - Processing file /opt/airflow/dags/openbrewery_dag.py for tasks to queue
[2025-10-16T01:29:38.317+0000] {logging_mixin.py:188} INFO - [2025-10-16T01:29:38.315+0000] {dagbag.py:545} INFO - Filling up the DagBag from /opt/airflow/dags/openbrewery_dag.py
[2025-10-16T01:29:40.955+0000] {processor.py:840} INFO - DAG(s) 'openbrewery_medallion' retrieved from /opt/airflow/dags/openbrewery_dag.py
[2025-10-16T01:31:11.451+0000] {processor.py:161} INFO - Started process (PID=2973) to work on /opt/airflow/dags/openbrewery_dag.py
[2025-10-16T01:31:11.454+0000] {processor.py:830} INFO - Processing file /opt/airflow/dags/openbrewery_dag.py for tasks to queue
[2025-10-16T01:31:11.457+0000] {logging_mixin.py:188} INFO - [2025-10-16T01:31:11.456+0000] {dagbag.py:545} INFO - Filling up the DagBag from /opt/airflow/dags/openbrewery_dag.py
[2025-10-16T01:31:25.425+0000] {processor.py:840} INFO - DAG(s) 'openbrewery_medallion' retrieved from /opt/airflow/dags/openbrewery_dag.py
[2025-10-16T01:33:21.532+0000] {processor.py:161} INFO - Started process (PID=2977) to work on /opt/airflow/dags/openbrewery_dag.py
[2025-10-16T01:33:21.534+0000] {processor.py:830} INFO - Processing file /opt/airflow/dags/openbrewery_dag.py for tasks to queue
[2025-10-16T01:33:21.538+0000] {logging_mixin.py:188} INFO - [2025-10-16T01:33:21.536+0000] {dagbag.py:545} INFO - Filling up the DagBag from /opt/airflow/dags/openbrewery_dag.py
[2025-10-16T01:33:54.818+0000] {logging_mixin.py:188} INFO - [2025-10-16T01:33:52.267+0000] {timeout.py:68} ERROR - Process timed out, PID: 2977
[2025-10-16T01:34:32.850+0000] {processor.py:161} INFO - Started process (PID=2983) to work on /opt/airflow/dags/openbrewery_dag.py
[2025-10-16T01:34:32.853+0000] {processor.py:830} INFO - Processing file /opt/airflow/dags/openbrewery_dag.py for tasks to queue
[2025-10-16T01:34:32.856+0000] {logging_mixin.py:188} INFO - [2025-10-16T01:34:32.854+0000] {dagbag.py:545} INFO - Filling up the DagBag from /opt/airflow/dags/openbrewery_dag.py
[2025-10-16T01:34:36.128+0000] {processor.py:840} INFO - DAG(s) 'openbrewery_medallion' retrieved from /opt/airflow/dags/openbrewery_dag.py
[2025-10-16T01:36:03.702+0000] {processor.py:161} INFO - Started process (PID=2987) to work on /opt/airflow/dags/openbrewery_dag.py
[2025-10-16T01:36:03.704+0000] {processor.py:830} INFO - Processing file /opt/airflow/dags/openbrewery_dag.py for tasks to queue
[2025-10-16T01:36:03.707+0000] {logging_mixin.py:188} INFO - [2025-10-16T01:36:03.706+0000] {dagbag.py:545} INFO - Filling up the DagBag from /opt/airflow/dags/openbrewery_dag.py
[2025-10-16T01:36:08.284+0000] {processor.py:840} INFO - DAG(s) 'openbrewery_medallion' retrieved from /opt/airflow/dags/openbrewery_dag.py
[2025-10-16T01:37:44.254+0000] {processor.py:161} INFO - Started process (PID=2991) to work on /opt/airflow/dags/openbrewery_dag.py
[2025-10-16T01:37:44.256+0000] {processor.py:830} INFO - Processing file /opt/airflow/dags/openbrewery_dag.py for tasks to queue
[2025-10-16T01:37:44.259+0000] {logging_mixin.py:188} INFO - [2025-10-16T01:37:44.257+0000] {dagbag.py:545} INFO - Filling up the DagBag from /opt/airflow/dags/openbrewery_dag.py
[2025-10-16T01:37:48.152+0000] {processor.py:840} INFO - DAG(s) 'openbrewery_medallion' retrieved from /opt/airflow/dags/openbrewery_dag.py
[2025-10-16T01:39:07.764+0000] {processor.py:161} INFO - Started process (PID=2995) to work on /opt/airflow/dags/openbrewery_dag.py
[2025-10-16T01:39:07.766+0000] {processor.py:830} INFO - Processing file /opt/airflow/dags/openbrewery_dag.py for tasks to queue
[2025-10-16T01:39:07.769+0000] {logging_mixin.py:188} INFO - [2025-10-16T01:39:07.768+0000] {dagbag.py:545} INFO - Filling up the DagBag from /opt/airflow/dags/openbrewery_dag.py
[2025-10-16T01:39:14.471+0000] {processor.py:840} INFO - DAG(s) 'openbrewery_medallion' retrieved from /opt/airflow/dags/openbrewery_dag.py
[2025-10-16T01:41:32.494+0000] {processor.py:161} INFO - Started process (PID=2999) to work on /opt/airflow/dags/openbrewery_dag.py
[2025-10-16T01:41:32.496+0000] {processor.py:830} INFO - Processing file /opt/airflow/dags/openbrewery_dag.py for tasks to queue
[2025-10-16T01:41:32.499+0000] {logging_mixin.py:188} INFO - [2025-10-16T01:41:32.497+0000] {dagbag.py:545} INFO - Filling up the DagBag from /opt/airflow/dags/openbrewery_dag.py
[2025-10-16T01:42:02.917+0000] {logging_mixin.py:188} INFO - [2025-10-16T01:42:02.874+0000] {timeout.py:68} ERROR - Process timed out, PID: 2999
[2025-10-16T01:47:07.886+0000] {processor.py:161} INFO - Started process (PID=3010) to work on /opt/airflow/dags/openbrewery_dag.py
[2025-10-16T01:47:07.888+0000] {processor.py:830} INFO - Processing file /opt/airflow/dags/openbrewery_dag.py for tasks to queue
[2025-10-16T01:47:07.892+0000] {logging_mixin.py:188} INFO - [2025-10-16T01:47:07.890+0000] {dagbag.py:545} INFO - Filling up the DagBag from /opt/airflow/dags/openbrewery_dag.py
[2025-10-16T01:47:09.185+0000] {processor.py:840} INFO - DAG(s) 'openbrewery_medallion' retrieved from /opt/airflow/dags/openbrewery_dag.py
[2025-10-16T01:47:09.557+0000] {logging_mixin.py:188} INFO - [2025-10-16T01:47:09.554+0000] {dag.py:3089} INFO - Sync 1 DAGs
[2025-10-16T01:47:09.590+0000] {logging_mixin.py:188} INFO - [2025-10-16T01:47:09.589+0000] {dag.py:3947} INFO - Setting next_dagrun for openbrewery_medallion to 2025-10-16 00:00:00+00:00, run_after=2025-10-17 00:00:00+00:00
[2025-10-16T01:47:09.638+0000] {processor.py:183} INFO - Processing /opt/airflow/dags/openbrewery_dag.py took 1.767 seconds
[2025-10-16T01:47:40.055+0000] {processor.py:161} INFO - Started process (PID=3016) to work on /opt/airflow/dags/openbrewery_dag.py
[2025-10-16T01:47:40.057+0000] {processor.py:830} INFO - Processing file /opt/airflow/dags/openbrewery_dag.py for tasks to queue
[2025-10-16T01:47:40.059+0000] {logging_mixin.py:188} INFO - [2025-10-16T01:47:40.058+0000] {dagbag.py:545} INFO - Filling up the DagBag from /opt/airflow/dags/openbrewery_dag.py
[2025-10-16T01:47:41.068+0000] {processor.py:840} INFO - DAG(s) 'openbrewery_medallion' retrieved from /opt/airflow/dags/openbrewery_dag.py
[2025-10-16T01:47:41.224+0000] {logging_mixin.py:188} INFO - [2025-10-16T01:47:41.222+0000] {dag.py:3089} INFO - Sync 1 DAGs
[2025-10-16T01:47:41.266+0000] {logging_mixin.py:188} INFO - [2025-10-16T01:47:41.266+0000] {dag.py:3947} INFO - Setting next_dagrun for openbrewery_medallion to 2025-10-16 00:00:00+00:00, run_after=2025-10-17 00:00:00+00:00
[2025-10-16T01:47:41.310+0000] {processor.py:183} INFO - Processing /opt/airflow/dags/openbrewery_dag.py took 1.275 seconds
[2025-10-16T01:48:11.587+0000] {processor.py:161} INFO - Started process (PID=3022) to work on /opt/airflow/dags/openbrewery_dag.py
[2025-10-16T01:48:11.589+0000] {processor.py:830} INFO - Processing file /opt/airflow/dags/openbrewery_dag.py for tasks to queue
[2025-10-16T01:48:11.592+0000] {logging_mixin.py:188} INFO - [2025-10-16T01:48:11.590+0000] {dagbag.py:545} INFO - Filling up the DagBag from /opt/airflow/dags/openbrewery_dag.py
[2025-10-16T01:48:12.462+0000] {processor.py:840} INFO - DAG(s) 'openbrewery_medallion' retrieved from /opt/airflow/dags/openbrewery_dag.py
[2025-10-16T01:48:12.586+0000] {logging_mixin.py:188} INFO - [2025-10-16T01:48:12.585+0000] {dag.py:3089} INFO - Sync 1 DAGs
[2025-10-16T01:48:12.627+0000] {logging_mixin.py:188} INFO - [2025-10-16T01:48:12.627+0000] {dag.py:3947} INFO - Setting next_dagrun for openbrewery_medallion to 2025-10-16 00:00:00+00:00, run_after=2025-10-17 00:00:00+00:00
[2025-10-16T01:48:12.661+0000] {processor.py:183} INFO - Processing /opt/airflow/dags/openbrewery_dag.py took 1.093 seconds
[2025-10-16T01:48:42.963+0000] {processor.py:161} INFO - Started process (PID=3028) to work on /opt/airflow/dags/openbrewery_dag.py
[2025-10-16T01:48:42.966+0000] {processor.py:830} INFO - Processing file /opt/airflow/dags/openbrewery_dag.py for tasks to queue
[2025-10-16T01:48:42.970+0000] {logging_mixin.py:188} INFO - [2025-10-16T01:48:42.967+0000] {dagbag.py:545} INFO - Filling up the DagBag from /opt/airflow/dags/openbrewery_dag.py
[2025-10-16T01:48:43.901+0000] {processor.py:840} INFO - DAG(s) 'openbrewery_medallion' retrieved from /opt/airflow/dags/openbrewery_dag.py
[2025-10-16T01:48:44.064+0000] {logging_mixin.py:188} INFO - [2025-10-16T01:48:44.063+0000] {dag.py:3089} INFO - Sync 1 DAGs
[2025-10-16T01:48:44.103+0000] {logging_mixin.py:188} INFO - [2025-10-16T01:48:44.103+0000] {dag.py:3947} INFO - Setting next_dagrun for openbrewery_medallion to 2025-10-16 00:00:00+00:00, run_after=2025-10-17 00:00:00+00:00
[2025-10-16T01:48:44.143+0000] {processor.py:183} INFO - Processing /opt/airflow/dags/openbrewery_dag.py took 1.201 seconds
[2025-10-16T01:49:14.392+0000] {processor.py:161} INFO - Started process (PID=3034) to work on /opt/airflow/dags/openbrewery_dag.py
[2025-10-16T01:49:14.395+0000] {processor.py:830} INFO - Processing file /opt/airflow/dags/openbrewery_dag.py for tasks to queue
[2025-10-16T01:49:14.398+0000] {logging_mixin.py:188} INFO - [2025-10-16T01:49:14.396+0000] {dagbag.py:545} INFO - Filling up the DagBag from /opt/airflow/dags/openbrewery_dag.py
[2025-10-16T01:49:15.408+0000] {processor.py:840} INFO - DAG(s) 'openbrewery_medallion' retrieved from /opt/airflow/dags/openbrewery_dag.py
[2025-10-16T01:49:15.556+0000] {logging_mixin.py:188} INFO - [2025-10-16T01:49:15.552+0000] {dag.py:3089} INFO - Sync 1 DAGs
[2025-10-16T01:49:15.596+0000] {logging_mixin.py:188} INFO - [2025-10-16T01:49:15.596+0000] {dag.py:3947} INFO - Setting next_dagrun for openbrewery_medallion to 2025-10-16 00:00:00+00:00, run_after=2025-10-17 00:00:00+00:00
[2025-10-16T01:49:15.634+0000] {processor.py:183} INFO - Processing /opt/airflow/dags/openbrewery_dag.py took 1.265 seconds
[2025-10-16T01:49:45.872+0000] {processor.py:161} INFO - Started process (PID=3040) to work on /opt/airflow/dags/openbrewery_dag.py
[2025-10-16T01:49:45.875+0000] {processor.py:830} INFO - Processing file /opt/airflow/dags/openbrewery_dag.py for tasks to queue
[2025-10-16T01:49:45.877+0000] {logging_mixin.py:188} INFO - [2025-10-16T01:49:45.876+0000] {dagbag.py:545} INFO - Filling up the DagBag from /opt/airflow/dags/openbrewery_dag.py
[2025-10-16T01:49:46.767+0000] {processor.py:840} INFO - DAG(s) 'openbrewery_medallion' retrieved from /opt/airflow/dags/openbrewery_dag.py
[2025-10-16T01:49:46.902+0000] {logging_mixin.py:188} INFO - [2025-10-16T01:49:46.901+0000] {dag.py:3089} INFO - Sync 1 DAGs
[2025-10-16T01:49:46.938+0000] {logging_mixin.py:188} INFO - [2025-10-16T01:49:46.937+0000] {dag.py:3947} INFO - Setting next_dagrun for openbrewery_medallion to 2025-10-16 00:00:00+00:00, run_after=2025-10-17 00:00:00+00:00
[2025-10-16T01:49:46.974+0000] {processor.py:183} INFO - Processing /opt/airflow/dags/openbrewery_dag.py took 1.121 seconds
[2025-10-16T01:50:17.392+0000] {processor.py:161} INFO - Started process (PID=3046) to work on /opt/airflow/dags/openbrewery_dag.py
[2025-10-16T01:50:17.394+0000] {processor.py:830} INFO - Processing file /opt/airflow/dags/openbrewery_dag.py for tasks to queue
[2025-10-16T01:50:17.397+0000] {logging_mixin.py:188} INFO - [2025-10-16T01:50:17.395+0000] {dagbag.py:545} INFO - Filling up the DagBag from /opt/airflow/dags/openbrewery_dag.py
[2025-10-16T01:50:18.532+0000] {processor.py:840} INFO - DAG(s) 'openbrewery_medallion' retrieved from /opt/airflow/dags/openbrewery_dag.py
[2025-10-16T01:50:18.641+0000] {logging_mixin.py:188} INFO - [2025-10-16T01:50:18.641+0000] {dag.py:3089} INFO - Sync 1 DAGs
[2025-10-16T01:50:18.681+0000] {logging_mixin.py:188} INFO - [2025-10-16T01:50:18.680+0000] {dag.py:3947} INFO - Setting next_dagrun for openbrewery_medallion to 2025-10-16 00:00:00+00:00, run_after=2025-10-17 00:00:00+00:00
[2025-10-16T01:50:18.719+0000] {processor.py:183} INFO - Processing /opt/airflow/dags/openbrewery_dag.py took 1.351 seconds
[2025-10-16T01:50:49.155+0000] {processor.py:161} INFO - Started process (PID=3052) to work on /opt/airflow/dags/openbrewery_dag.py
[2025-10-16T01:50:49.157+0000] {processor.py:830} INFO - Processing file /opt/airflow/dags/openbrewery_dag.py for tasks to queue
[2025-10-16T01:50:49.159+0000] {logging_mixin.py:188} INFO - [2025-10-16T01:50:49.159+0000] {dagbag.py:545} INFO - Filling up the DagBag from /opt/airflow/dags/openbrewery_dag.py
[2025-10-16T01:50:50.150+0000] {processor.py:840} INFO - DAG(s) 'openbrewery_medallion' retrieved from /opt/airflow/dags/openbrewery_dag.py
[2025-10-16T01:50:50.305+0000] {logging_mixin.py:188} INFO - [2025-10-16T01:50:50.301+0000] {dag.py:3089} INFO - Sync 1 DAGs
[2025-10-16T01:50:50.345+0000] {logging_mixin.py:188} INFO - [2025-10-16T01:50:50.345+0000] {dag.py:3947} INFO - Setting next_dagrun for openbrewery_medallion to 2025-10-16 00:00:00+00:00, run_after=2025-10-17 00:00:00+00:00
[2025-10-16T01:50:50.377+0000] {processor.py:183} INFO - Processing /opt/airflow/dags/openbrewery_dag.py took 1.241 seconds
[2025-10-16T01:51:20.515+0000] {processor.py:161} INFO - Started process (PID=3058) to work on /opt/airflow/dags/openbrewery_dag.py
[2025-10-16T01:51:20.517+0000] {processor.py:830} INFO - Processing file /opt/airflow/dags/openbrewery_dag.py for tasks to queue
[2025-10-16T01:51:20.521+0000] {logging_mixin.py:188} INFO - [2025-10-16T01:51:20.519+0000] {dagbag.py:545} INFO - Filling up the DagBag from /opt/airflow/dags/openbrewery_dag.py
[2025-10-16T01:51:21.657+0000] {processor.py:840} INFO - DAG(s) 'openbrewery_medallion' retrieved from /opt/airflow/dags/openbrewery_dag.py
[2025-10-16T01:51:21.810+0000] {logging_mixin.py:188} INFO - [2025-10-16T01:51:21.807+0000] {dag.py:3089} INFO - Sync 1 DAGs
[2025-10-16T01:51:21.851+0000] {logging_mixin.py:188} INFO - [2025-10-16T01:51:21.851+0000] {dag.py:3947} INFO - Setting next_dagrun for openbrewery_medallion to 2025-10-16 00:00:00+00:00, run_after=2025-10-17 00:00:00+00:00
[2025-10-16T01:51:21.891+0000] {processor.py:183} INFO - Processing /opt/airflow/dags/openbrewery_dag.py took 1.398 seconds
[2025-10-16T01:51:52.149+0000] {processor.py:161} INFO - Started process (PID=3064) to work on /opt/airflow/dags/openbrewery_dag.py
[2025-10-16T01:51:52.151+0000] {processor.py:830} INFO - Processing file /opt/airflow/dags/openbrewery_dag.py for tasks to queue
[2025-10-16T01:51:52.155+0000] {logging_mixin.py:188} INFO - [2025-10-16T01:51:52.153+0000] {dagbag.py:545} INFO - Filling up the DagBag from /opt/airflow/dags/openbrewery_dag.py
[2025-10-16T01:51:53.257+0000] {processor.py:840} INFO - DAG(s) 'openbrewery_medallion' retrieved from /opt/airflow/dags/openbrewery_dag.py
[2025-10-16T01:51:53.416+0000] {logging_mixin.py:188} INFO - [2025-10-16T01:51:53.410+0000] {dag.py:3089} INFO - Sync 1 DAGs
[2025-10-16T01:51:53.472+0000] {logging_mixin.py:188} INFO - [2025-10-16T01:51:53.472+0000] {dag.py:3947} INFO - Setting next_dagrun for openbrewery_medallion to 2025-10-16 00:00:00+00:00, run_after=2025-10-17 00:00:00+00:00
[2025-10-16T01:51:53.536+0000] {processor.py:183} INFO - Processing /opt/airflow/dags/openbrewery_dag.py took 1.407 seconds
[2025-10-16T01:52:23.685+0000] {processor.py:161} INFO - Started process (PID=3070) to work on /opt/airflow/dags/openbrewery_dag.py
[2025-10-16T01:52:23.688+0000] {processor.py:830} INFO - Processing file /opt/airflow/dags/openbrewery_dag.py for tasks to queue
[2025-10-16T01:52:23.693+0000] {logging_mixin.py:188} INFO - [2025-10-16T01:52:23.690+0000] {dagbag.py:545} INFO - Filling up the DagBag from /opt/airflow/dags/openbrewery_dag.py
[2025-10-16T01:52:24.790+0000] {processor.py:840} INFO - DAG(s) 'openbrewery_medallion' retrieved from /opt/airflow/dags/openbrewery_dag.py
[2025-10-16T01:52:24.960+0000] {logging_mixin.py:188} INFO - [2025-10-16T01:52:24.951+0000] {dag.py:3089} INFO - Sync 1 DAGs
[2025-10-16T01:52:25.018+0000] {logging_mixin.py:188} INFO - [2025-10-16T01:52:25.018+0000] {dag.py:3947} INFO - Setting next_dagrun for openbrewery_medallion to 2025-10-16 00:00:00+00:00, run_after=2025-10-17 00:00:00+00:00
[2025-10-16T01:52:25.062+0000] {processor.py:183} INFO - Processing /opt/airflow/dags/openbrewery_dag.py took 1.400 seconds
[2025-10-16T01:52:55.364+0000] {processor.py:161} INFO - Started process (PID=3076) to work on /opt/airflow/dags/openbrewery_dag.py
[2025-10-16T01:52:55.367+0000] {processor.py:830} INFO - Processing file /opt/airflow/dags/openbrewery_dag.py for tasks to queue
[2025-10-16T01:52:55.372+0000] {logging_mixin.py:188} INFO - [2025-10-16T01:52:55.370+0000] {dagbag.py:545} INFO - Filling up the DagBag from /opt/airflow/dags/openbrewery_dag.py
[2025-10-16T01:52:56.658+0000] {processor.py:840} INFO - DAG(s) 'openbrewery_medallion' retrieved from /opt/airflow/dags/openbrewery_dag.py
[2025-10-16T01:52:56.852+0000] {logging_mixin.py:188} INFO - [2025-10-16T01:52:56.847+0000] {dag.py:3089} INFO - Sync 1 DAGs
[2025-10-16T01:52:56.899+0000] {logging_mixin.py:188} INFO - [2025-10-16T01:52:56.899+0000] {dag.py:3947} INFO - Setting next_dagrun for openbrewery_medallion to 2025-10-16 00:00:00+00:00, run_after=2025-10-17 00:00:00+00:00
[2025-10-16T01:52:56.936+0000] {processor.py:183} INFO - Processing /opt/airflow/dags/openbrewery_dag.py took 1.602 seconds
[2025-10-16T01:53:27.353+0000] {processor.py:161} INFO - Started process (PID=3082) to work on /opt/airflow/dags/openbrewery_dag.py
[2025-10-16T01:53:27.355+0000] {processor.py:830} INFO - Processing file /opt/airflow/dags/openbrewery_dag.py for tasks to queue
[2025-10-16T01:53:27.358+0000] {logging_mixin.py:188} INFO - [2025-10-16T01:53:27.357+0000] {dagbag.py:545} INFO - Filling up the DagBag from /opt/airflow/dags/openbrewery_dag.py
[2025-10-16T01:53:28.280+0000] {processor.py:840} INFO - DAG(s) 'openbrewery_medallion' retrieved from /opt/airflow/dags/openbrewery_dag.py
[2025-10-16T01:53:28.442+0000] {logging_mixin.py:188} INFO - [2025-10-16T01:53:28.440+0000] {dag.py:3089} INFO - Sync 1 DAGs
[2025-10-16T01:53:28.483+0000] {logging_mixin.py:188} INFO - [2025-10-16T01:53:28.482+0000] {dag.py:3947} INFO - Setting next_dagrun for openbrewery_medallion to 2025-10-16 00:00:00+00:00, run_after=2025-10-17 00:00:00+00:00
[2025-10-16T01:53:28.516+0000] {processor.py:183} INFO - Processing /opt/airflow/dags/openbrewery_dag.py took 1.182 seconds
[2025-10-16T01:53:58.693+0000] {processor.py:161} INFO - Started process (PID=3088) to work on /opt/airflow/dags/openbrewery_dag.py
[2025-10-16T01:53:58.695+0000] {processor.py:830} INFO - Processing file /opt/airflow/dags/openbrewery_dag.py for tasks to queue
[2025-10-16T01:53:58.698+0000] {logging_mixin.py:188} INFO - [2025-10-16T01:53:58.697+0000] {dagbag.py:545} INFO - Filling up the DagBag from /opt/airflow/dags/openbrewery_dag.py
[2025-10-16T01:53:59.582+0000] {processor.py:840} INFO - DAG(s) 'openbrewery_medallion' retrieved from /opt/airflow/dags/openbrewery_dag.py
[2025-10-16T01:53:59.690+0000] {logging_mixin.py:188} INFO - [2025-10-16T01:53:59.690+0000] {dag.py:3089} INFO - Sync 1 DAGs
[2025-10-16T01:53:59.725+0000] {logging_mixin.py:188} INFO - [2025-10-16T01:53:59.724+0000] {dag.py:3947} INFO - Setting next_dagrun for openbrewery_medallion to 2025-10-16 00:00:00+00:00, run_after=2025-10-17 00:00:00+00:00
[2025-10-16T01:53:59.761+0000] {processor.py:183} INFO - Processing /opt/airflow/dags/openbrewery_dag.py took 1.086 seconds
[2025-10-16T01:54:30.067+0000] {processor.py:161} INFO - Started process (PID=3094) to work on /opt/airflow/dags/openbrewery_dag.py
[2025-10-16T01:54:30.069+0000] {processor.py:830} INFO - Processing file /opt/airflow/dags/openbrewery_dag.py for tasks to queue
[2025-10-16T01:54:30.073+0000] {logging_mixin.py:188} INFO - [2025-10-16T01:54:30.070+0000] {dagbag.py:545} INFO - Filling up the DagBag from /opt/airflow/dags/openbrewery_dag.py
[2025-10-16T01:54:31.002+0000] {processor.py:840} INFO - DAG(s) 'openbrewery_medallion' retrieved from /opt/airflow/dags/openbrewery_dag.py
[2025-10-16T01:54:31.125+0000] {logging_mixin.py:188} INFO - [2025-10-16T01:54:31.124+0000] {dag.py:3089} INFO - Sync 1 DAGs
[2025-10-16T01:54:31.165+0000] {logging_mixin.py:188} INFO - [2025-10-16T01:54:31.164+0000] {dag.py:3947} INFO - Setting next_dagrun for openbrewery_medallion to 2025-10-16 00:00:00+00:00, run_after=2025-10-17 00:00:00+00:00
[2025-10-16T01:54:31.205+0000] {processor.py:183} INFO - Processing /opt/airflow/dags/openbrewery_dag.py took 1.158 seconds
[2025-10-16T01:55:01.517+0000] {processor.py:161} INFO - Started process (PID=3100) to work on /opt/airflow/dags/openbrewery_dag.py
[2025-10-16T01:55:01.519+0000] {processor.py:830} INFO - Processing file /opt/airflow/dags/openbrewery_dag.py for tasks to queue
[2025-10-16T01:55:01.521+0000] {logging_mixin.py:188} INFO - [2025-10-16T01:55:01.521+0000] {dagbag.py:545} INFO - Filling up the DagBag from /opt/airflow/dags/openbrewery_dag.py
[2025-10-16T01:55:02.456+0000] {processor.py:840} INFO - DAG(s) 'openbrewery_medallion' retrieved from /opt/airflow/dags/openbrewery_dag.py
[2025-10-16T01:55:02.614+0000] {logging_mixin.py:188} INFO - [2025-10-16T01:55:02.613+0000] {dag.py:3089} INFO - Sync 1 DAGs
[2025-10-16T01:55:02.654+0000] {logging_mixin.py:188} INFO - [2025-10-16T01:55:02.654+0000] {dag.py:3947} INFO - Setting next_dagrun for openbrewery_medallion to 2025-10-16 00:00:00+00:00, run_after=2025-10-17 00:00:00+00:00
[2025-10-16T01:55:02.692+0000] {processor.py:183} INFO - Processing /opt/airflow/dags/openbrewery_dag.py took 1.195 seconds
[2025-10-16T01:55:32.995+0000] {processor.py:161} INFO - Started process (PID=3106) to work on /opt/airflow/dags/openbrewery_dag.py
[2025-10-16T01:55:32.996+0000] {processor.py:830} INFO - Processing file /opt/airflow/dags/openbrewery_dag.py for tasks to queue
[2025-10-16T01:55:33.000+0000] {logging_mixin.py:188} INFO - [2025-10-16T01:55:32.998+0000] {dagbag.py:545} INFO - Filling up the DagBag from /opt/airflow/dags/openbrewery_dag.py
[2025-10-16T01:55:33.909+0000] {processor.py:840} INFO - DAG(s) 'openbrewery_medallion' retrieved from /opt/airflow/dags/openbrewery_dag.py
[2025-10-16T01:55:34.039+0000] {logging_mixin.py:188} INFO - [2025-10-16T01:55:34.038+0000] {dag.py:3089} INFO - Sync 1 DAGs
[2025-10-16T01:55:34.077+0000] {logging_mixin.py:188} INFO - [2025-10-16T01:55:34.077+0000] {dag.py:3947} INFO - Setting next_dagrun for openbrewery_medallion to 2025-10-16 00:00:00+00:00, run_after=2025-10-17 00:00:00+00:00
[2025-10-16T01:55:34.114+0000] {processor.py:183} INFO - Processing /opt/airflow/dags/openbrewery_dag.py took 1.141 seconds
[2025-10-16T01:56:04.472+0000] {processor.py:161} INFO - Started process (PID=3112) to work on /opt/airflow/dags/openbrewery_dag.py
[2025-10-16T01:56:04.474+0000] {processor.py:830} INFO - Processing file /opt/airflow/dags/openbrewery_dag.py for tasks to queue
[2025-10-16T01:56:04.476+0000] {logging_mixin.py:188} INFO - [2025-10-16T01:56:04.475+0000] {dagbag.py:545} INFO - Filling up the DagBag from /opt/airflow/dags/openbrewery_dag.py
[2025-10-16T01:56:05.404+0000] {processor.py:840} INFO - DAG(s) 'openbrewery_medallion' retrieved from /opt/airflow/dags/openbrewery_dag.py
[2025-10-16T01:56:05.538+0000] {logging_mixin.py:188} INFO - [2025-10-16T01:56:05.537+0000] {dag.py:3089} INFO - Sync 1 DAGs
[2025-10-16T01:56:05.574+0000] {logging_mixin.py:188} INFO - [2025-10-16T01:56:05.574+0000] {dag.py:3947} INFO - Setting next_dagrun for openbrewery_medallion to 2025-10-16 00:00:00+00:00, run_after=2025-10-17 00:00:00+00:00
[2025-10-16T01:56:05.611+0000] {processor.py:183} INFO - Processing /opt/airflow/dags/openbrewery_dag.py took 1.156 seconds
[2025-10-16T01:56:35.905+0000] {processor.py:161} INFO - Started process (PID=3118) to work on /opt/airflow/dags/openbrewery_dag.py
[2025-10-16T01:56:35.907+0000] {processor.py:830} INFO - Processing file /opt/airflow/dags/openbrewery_dag.py for tasks to queue
[2025-10-16T01:56:35.909+0000] {logging_mixin.py:188} INFO - [2025-10-16T01:56:35.908+0000] {dagbag.py:545} INFO - Filling up the DagBag from /opt/airflow/dags/openbrewery_dag.py
[2025-10-16T01:56:36.833+0000] {processor.py:840} INFO - DAG(s) 'openbrewery_medallion' retrieved from /opt/airflow/dags/openbrewery_dag.py
[2025-10-16T01:56:36.933+0000] {logging_mixin.py:188} INFO - [2025-10-16T01:56:36.932+0000] {dag.py:3089} INFO - Sync 1 DAGs
[2025-10-16T01:56:36.974+0000] {logging_mixin.py:188} INFO - [2025-10-16T01:56:36.974+0000] {dag.py:3947} INFO - Setting next_dagrun for openbrewery_medallion to 2025-10-16 00:00:00+00:00, run_after=2025-10-17 00:00:00+00:00
[2025-10-16T01:56:37.013+0000] {processor.py:183} INFO - Processing /opt/airflow/dags/openbrewery_dag.py took 1.130 seconds
[2025-10-16T01:57:07.381+0000] {processor.py:161} INFO - Started process (PID=3124) to work on /opt/airflow/dags/openbrewery_dag.py
[2025-10-16T01:57:07.383+0000] {processor.py:830} INFO - Processing file /opt/airflow/dags/openbrewery_dag.py for tasks to queue
[2025-10-16T01:57:07.389+0000] {logging_mixin.py:188} INFO - [2025-10-16T01:57:07.386+0000] {dagbag.py:545} INFO - Filling up the DagBag from /opt/airflow/dags/openbrewery_dag.py
[2025-10-16T01:57:08.389+0000] {processor.py:840} INFO - DAG(s) 'openbrewery_medallion' retrieved from /opt/airflow/dags/openbrewery_dag.py
[2025-10-16T01:57:08.526+0000] {logging_mixin.py:188} INFO - [2025-10-16T01:57:08.525+0000] {dag.py:3089} INFO - Sync 1 DAGs
[2025-10-16T01:57:08.563+0000] {logging_mixin.py:188} INFO - [2025-10-16T01:57:08.563+0000] {dag.py:3947} INFO - Setting next_dagrun for openbrewery_medallion to 2025-10-16 00:00:00+00:00, run_after=2025-10-17 00:00:00+00:00
[2025-10-16T01:57:08.599+0000] {processor.py:183} INFO - Processing /opt/airflow/dags/openbrewery_dag.py took 1.242 seconds
[2025-10-16T01:57:38.767+0000] {processor.py:161} INFO - Started process (PID=3130) to work on /opt/airflow/dags/openbrewery_dag.py
[2025-10-16T01:57:38.769+0000] {processor.py:830} INFO - Processing file /opt/airflow/dags/openbrewery_dag.py for tasks to queue
[2025-10-16T01:57:38.771+0000] {logging_mixin.py:188} INFO - [2025-10-16T01:57:38.771+0000] {dagbag.py:545} INFO - Filling up the DagBag from /opt/airflow/dags/openbrewery_dag.py
[2025-10-16T01:57:39.697+0000] {processor.py:840} INFO - DAG(s) 'openbrewery_medallion' retrieved from /opt/airflow/dags/openbrewery_dag.py
[2025-10-16T01:57:39.833+0000] {logging_mixin.py:188} INFO - [2025-10-16T01:57:39.833+0000] {dag.py:3089} INFO - Sync 1 DAGs
[2025-10-16T01:57:39.871+0000] {logging_mixin.py:188} INFO - [2025-10-16T01:57:39.871+0000] {dag.py:3947} INFO - Setting next_dagrun for openbrewery_medallion to 2025-10-16 00:00:00+00:00, run_after=2025-10-17 00:00:00+00:00
[2025-10-16T01:57:39.910+0000] {processor.py:183} INFO - Processing /opt/airflow/dags/openbrewery_dag.py took 1.162 seconds
[2025-10-16T01:58:10.282+0000] {processor.py:161} INFO - Started process (PID=3136) to work on /opt/airflow/dags/openbrewery_dag.py
[2025-10-16T01:58:10.285+0000] {processor.py:830} INFO - Processing file /opt/airflow/dags/openbrewery_dag.py for tasks to queue
[2025-10-16T01:58:10.286+0000] {logging_mixin.py:188} INFO - [2025-10-16T01:58:10.286+0000] {dagbag.py:545} INFO - Filling up the DagBag from /opt/airflow/dags/openbrewery_dag.py
[2025-10-16T01:58:11.340+0000] {processor.py:840} INFO - DAG(s) 'openbrewery_medallion' retrieved from /opt/airflow/dags/openbrewery_dag.py
[2025-10-16T01:58:11.478+0000] {logging_mixin.py:188} INFO - [2025-10-16T01:58:11.475+0000] {dag.py:3089} INFO - Sync 1 DAGs
[2025-10-16T01:58:11.516+0000] {logging_mixin.py:188} INFO - [2025-10-16T01:58:11.516+0000] {dag.py:3947} INFO - Setting next_dagrun for openbrewery_medallion to 2025-10-16 00:00:00+00:00, run_after=2025-10-17 00:00:00+00:00
[2025-10-16T01:58:11.554+0000] {processor.py:183} INFO - Processing /opt/airflow/dags/openbrewery_dag.py took 1.287 seconds
[2025-10-16T01:58:41.667+0000] {processor.py:161} INFO - Started process (PID=3142) to work on /opt/airflow/dags/openbrewery_dag.py
[2025-10-16T01:58:41.669+0000] {processor.py:830} INFO - Processing file /opt/airflow/dags/openbrewery_dag.py for tasks to queue
[2025-10-16T01:58:41.672+0000] {logging_mixin.py:188} INFO - [2025-10-16T01:58:41.671+0000] {dagbag.py:545} INFO - Filling up the DagBag from /opt/airflow/dags/openbrewery_dag.py
[2025-10-16T01:58:42.627+0000] {processor.py:840} INFO - DAG(s) 'openbrewery_medallion' retrieved from /opt/airflow/dags/openbrewery_dag.py
[2025-10-16T01:58:42.786+0000] {logging_mixin.py:188} INFO - [2025-10-16T01:58:42.781+0000] {dag.py:3089} INFO - Sync 1 DAGs
[2025-10-16T01:58:42.824+0000] {logging_mixin.py:188} INFO - [2025-10-16T01:58:42.824+0000] {dag.py:3947} INFO - Setting next_dagrun for openbrewery_medallion to 2025-10-16 00:00:00+00:00, run_after=2025-10-17 00:00:00+00:00
[2025-10-16T01:58:42.860+0000] {processor.py:183} INFO - Processing /opt/airflow/dags/openbrewery_dag.py took 1.212 seconds
[2025-10-16T01:59:13.014+0000] {processor.py:161} INFO - Started process (PID=3148) to work on /opt/airflow/dags/openbrewery_dag.py
[2025-10-16T01:59:13.017+0000] {processor.py:830} INFO - Processing file /opt/airflow/dags/openbrewery_dag.py for tasks to queue
[2025-10-16T01:59:13.019+0000] {logging_mixin.py:188} INFO - [2025-10-16T01:59:13.018+0000] {dagbag.py:545} INFO - Filling up the DagBag from /opt/airflow/dags/openbrewery_dag.py
[2025-10-16T01:59:13.926+0000] {processor.py:840} INFO - DAG(s) 'openbrewery_medallion' retrieved from /opt/airflow/dags/openbrewery_dag.py
[2025-10-16T01:59:14.064+0000] {logging_mixin.py:188} INFO - [2025-10-16T01:59:14.063+0000] {dag.py:3089} INFO - Sync 1 DAGs
[2025-10-16T01:59:14.104+0000] {logging_mixin.py:188} INFO - [2025-10-16T01:59:14.103+0000] {dag.py:3947} INFO - Setting next_dagrun for openbrewery_medallion to 2025-10-16 00:00:00+00:00, run_after=2025-10-17 00:00:00+00:00
[2025-10-16T01:59:14.152+0000] {processor.py:183} INFO - Processing /opt/airflow/dags/openbrewery_dag.py took 1.158 seconds
[2025-10-16T01:59:44.606+0000] {processor.py:161} INFO - Started process (PID=3154) to work on /opt/airflow/dags/openbrewery_dag.py
[2025-10-16T01:59:44.607+0000] {processor.py:830} INFO - Processing file /opt/airflow/dags/openbrewery_dag.py for tasks to queue
[2025-10-16T01:59:44.610+0000] {logging_mixin.py:188} INFO - [2025-10-16T01:59:44.609+0000] {dagbag.py:545} INFO - Filling up the DagBag from /opt/airflow/dags/openbrewery_dag.py
[2025-10-16T01:59:45.564+0000] {processor.py:840} INFO - DAG(s) 'openbrewery_medallion' retrieved from /opt/airflow/dags/openbrewery_dag.py
[2025-10-16T01:59:45.716+0000] {logging_mixin.py:188} INFO - [2025-10-16T01:59:45.715+0000] {dag.py:3089} INFO - Sync 1 DAGs
[2025-10-16T01:59:45.756+0000] {logging_mixin.py:188} INFO - [2025-10-16T01:59:45.756+0000] {dag.py:3947} INFO - Setting next_dagrun for openbrewery_medallion to 2025-10-16 00:00:00+00:00, run_after=2025-10-17 00:00:00+00:00
[2025-10-16T01:59:45.794+0000] {processor.py:183} INFO - Processing /opt/airflow/dags/openbrewery_dag.py took 1.208 seconds
[2025-10-16T02:00:15.982+0000] {processor.py:161} INFO - Started process (PID=3160) to work on /opt/airflow/dags/openbrewery_dag.py
[2025-10-16T02:00:15.984+0000] {processor.py:830} INFO - Processing file /opt/airflow/dags/openbrewery_dag.py for tasks to queue
[2025-10-16T02:00:15.987+0000] {logging_mixin.py:188} INFO - [2025-10-16T02:00:15.986+0000] {dagbag.py:545} INFO - Filling up the DagBag from /opt/airflow/dags/openbrewery_dag.py
[2025-10-16T02:00:16.926+0000] {processor.py:840} INFO - DAG(s) 'openbrewery_medallion' retrieved from /opt/airflow/dags/openbrewery_dag.py
[2025-10-16T02:00:17.071+0000] {logging_mixin.py:188} INFO - [2025-10-16T02:00:17.068+0000] {dag.py:3089} INFO - Sync 1 DAGs
[2025-10-16T02:00:17.113+0000] {logging_mixin.py:188} INFO - [2025-10-16T02:00:17.113+0000] {dag.py:3947} INFO - Setting next_dagrun for openbrewery_medallion to 2025-10-16 00:00:00+00:00, run_after=2025-10-17 00:00:00+00:00
[2025-10-16T02:00:17.144+0000] {processor.py:183} INFO - Processing /opt/airflow/dags/openbrewery_dag.py took 1.184 seconds
[2025-10-16T02:00:47.433+0000] {processor.py:161} INFO - Started process (PID=3166) to work on /opt/airflow/dags/openbrewery_dag.py
[2025-10-16T02:00:47.435+0000] {processor.py:830} INFO - Processing file /opt/airflow/dags/openbrewery_dag.py for tasks to queue
[2025-10-16T02:00:47.438+0000] {logging_mixin.py:188} INFO - [2025-10-16T02:00:47.437+0000] {dagbag.py:545} INFO - Filling up the DagBag from /opt/airflow/dags/openbrewery_dag.py
[2025-10-16T02:00:48.510+0000] {processor.py:840} INFO - DAG(s) 'openbrewery_medallion' retrieved from /opt/airflow/dags/openbrewery_dag.py
[2025-10-16T02:00:48.646+0000] {logging_mixin.py:188} INFO - [2025-10-16T02:00:48.643+0000] {dag.py:3089} INFO - Sync 1 DAGs
[2025-10-16T02:00:48.682+0000] {logging_mixin.py:188} INFO - [2025-10-16T02:00:48.682+0000] {dag.py:3947} INFO - Setting next_dagrun for openbrewery_medallion to 2025-10-16 00:00:00+00:00, run_after=2025-10-17 00:00:00+00:00
[2025-10-16T02:00:48.720+0000] {processor.py:183} INFO - Processing /opt/airflow/dags/openbrewery_dag.py took 1.306 seconds
[2025-10-16T02:01:18.910+0000] {processor.py:161} INFO - Started process (PID=3172) to work on /opt/airflow/dags/openbrewery_dag.py
[2025-10-16T02:01:18.913+0000] {processor.py:830} INFO - Processing file /opt/airflow/dags/openbrewery_dag.py for tasks to queue
[2025-10-16T02:01:18.917+0000] {logging_mixin.py:188} INFO - [2025-10-16T02:01:18.915+0000] {dagbag.py:545} INFO - Filling up the DagBag from /opt/airflow/dags/openbrewery_dag.py
[2025-10-16T02:01:20.311+0000] {processor.py:840} INFO - DAG(s) 'openbrewery_medallion' retrieved from /opt/airflow/dags/openbrewery_dag.py
[2025-10-16T02:01:20.483+0000] {logging_mixin.py:188} INFO - [2025-10-16T02:01:20.481+0000] {dag.py:3089} INFO - Sync 1 DAGs
[2025-10-16T02:01:20.572+0000] {logging_mixin.py:188} INFO - [2025-10-16T02:01:20.570+0000] {dag.py:3947} INFO - Setting next_dagrun for openbrewery_medallion to 2025-10-16 00:00:00+00:00, run_after=2025-10-17 00:00:00+00:00
[2025-10-16T02:01:20.679+0000] {processor.py:183} INFO - Processing /opt/airflow/dags/openbrewery_dag.py took 1.791 seconds
[2025-10-16T02:01:51.108+0000] {processor.py:161} INFO - Started process (PID=3178) to work on /opt/airflow/dags/openbrewery_dag.py
[2025-10-16T02:01:51.110+0000] {processor.py:830} INFO - Processing file /opt/airflow/dags/openbrewery_dag.py for tasks to queue
[2025-10-16T02:01:51.114+0000] {logging_mixin.py:188} INFO - [2025-10-16T02:01:51.112+0000] {dagbag.py:545} INFO - Filling up the DagBag from /opt/airflow/dags/openbrewery_dag.py
[2025-10-16T02:01:52.060+0000] {processor.py:840} INFO - DAG(s) 'openbrewery_medallion' retrieved from /opt/airflow/dags/openbrewery_dag.py
[2025-10-16T02:01:52.189+0000] {logging_mixin.py:188} INFO - [2025-10-16T02:01:52.189+0000] {dag.py:3089} INFO - Sync 1 DAGs
[2025-10-16T02:01:52.228+0000] {logging_mixin.py:188} INFO - [2025-10-16T02:01:52.227+0000] {dag.py:3947} INFO - Setting next_dagrun for openbrewery_medallion to 2025-10-16 00:00:00+00:00, run_after=2025-10-17 00:00:00+00:00
[2025-10-16T02:01:52.266+0000] {processor.py:183} INFO - Processing /opt/airflow/dags/openbrewery_dag.py took 1.179 seconds
[2025-10-16T02:02:22.485+0000] {processor.py:161} INFO - Started process (PID=3184) to work on /opt/airflow/dags/openbrewery_dag.py
[2025-10-16T02:02:22.486+0000] {processor.py:830} INFO - Processing file /opt/airflow/dags/openbrewery_dag.py for tasks to queue
[2025-10-16T02:02:22.488+0000] {logging_mixin.py:188} INFO - [2025-10-16T02:02:22.488+0000] {dagbag.py:545} INFO - Filling up the DagBag from /opt/airflow/dags/openbrewery_dag.py
[2025-10-16T02:02:23.426+0000] {processor.py:840} INFO - DAG(s) 'openbrewery_medallion' retrieved from /opt/airflow/dags/openbrewery_dag.py
[2025-10-16T02:02:23.606+0000] {logging_mixin.py:188} INFO - [2025-10-16T02:02:23.605+0000] {dag.py:3089} INFO - Sync 1 DAGs
[2025-10-16T02:02:23.647+0000] {logging_mixin.py:188} INFO - [2025-10-16T02:02:23.647+0000] {dag.py:3947} INFO - Setting next_dagrun for openbrewery_medallion to 2025-10-16 00:00:00+00:00, run_after=2025-10-17 00:00:00+00:00
[2025-10-16T02:02:23.687+0000] {processor.py:183} INFO - Processing /opt/airflow/dags/openbrewery_dag.py took 1.224 seconds
[2025-10-16T02:02:53.950+0000] {processor.py:161} INFO - Started process (PID=3190) to work on /opt/airflow/dags/openbrewery_dag.py
[2025-10-16T02:02:53.951+0000] {processor.py:830} INFO - Processing file /opt/airflow/dags/openbrewery_dag.py for tasks to queue
[2025-10-16T02:02:53.954+0000] {logging_mixin.py:188} INFO - [2025-10-16T02:02:53.954+0000] {dagbag.py:545} INFO - Filling up the DagBag from /opt/airflow/dags/openbrewery_dag.py
[2025-10-16T02:02:54.974+0000] {processor.py:840} INFO - DAG(s) 'openbrewery_medallion' retrieved from /opt/airflow/dags/openbrewery_dag.py
[2025-10-16T02:02:55.126+0000] {logging_mixin.py:188} INFO - [2025-10-16T02:02:55.125+0000] {dag.py:3089} INFO - Sync 1 DAGs
[2025-10-16T02:02:55.161+0000] {logging_mixin.py:188} INFO - [2025-10-16T02:02:55.160+0000] {dag.py:3947} INFO - Setting next_dagrun for openbrewery_medallion to 2025-10-16 00:00:00+00:00, run_after=2025-10-17 00:00:00+00:00
[2025-10-16T02:02:55.201+0000] {processor.py:183} INFO - Processing /opt/airflow/dags/openbrewery_dag.py took 1.270 seconds
[2025-10-16T02:03:25.431+0000] {processor.py:161} INFO - Started process (PID=3196) to work on /opt/airflow/dags/openbrewery_dag.py
[2025-10-16T02:03:25.433+0000] {processor.py:830} INFO - Processing file /opt/airflow/dags/openbrewery_dag.py for tasks to queue
[2025-10-16T02:03:25.435+0000] {logging_mixin.py:188} INFO - [2025-10-16T02:03:25.435+0000] {dagbag.py:545} INFO - Filling up the DagBag from /opt/airflow/dags/openbrewery_dag.py
[2025-10-16T02:03:26.386+0000] {processor.py:840} INFO - DAG(s) 'openbrewery_medallion' retrieved from /opt/airflow/dags/openbrewery_dag.py
[2025-10-16T02:03:26.502+0000] {logging_mixin.py:188} INFO - [2025-10-16T02:03:26.501+0000] {dag.py:3089} INFO - Sync 1 DAGs
[2025-10-16T02:03:26.542+0000] {logging_mixin.py:188} INFO - [2025-10-16T02:03:26.541+0000] {dag.py:3947} INFO - Setting next_dagrun for openbrewery_medallion to 2025-10-16 00:00:00+00:00, run_after=2025-10-17 00:00:00+00:00
[2025-10-16T02:03:26.582+0000] {processor.py:183} INFO - Processing /opt/airflow/dags/openbrewery_dag.py took 1.169 seconds
[2025-10-16T02:03:56.861+0000] {processor.py:161} INFO - Started process (PID=3202) to work on /opt/airflow/dags/openbrewery_dag.py
[2025-10-16T02:03:56.863+0000] {processor.py:830} INFO - Processing file /opt/airflow/dags/openbrewery_dag.py for tasks to queue
[2025-10-16T02:03:56.866+0000] {logging_mixin.py:188} INFO - [2025-10-16T02:03:56.865+0000] {dagbag.py:545} INFO - Filling up the DagBag from /opt/airflow/dags/openbrewery_dag.py
[2025-10-16T02:03:57.836+0000] {processor.py:840} INFO - DAG(s) 'openbrewery_medallion' retrieved from /opt/airflow/dags/openbrewery_dag.py
[2025-10-16T02:03:57.980+0000] {logging_mixin.py:188} INFO - [2025-10-16T02:03:57.974+0000] {dag.py:3089} INFO - Sync 1 DAGs
[2025-10-16T02:03:58.034+0000] {logging_mixin.py:188} INFO - [2025-10-16T02:03:58.033+0000] {dag.py:3947} INFO - Setting next_dagrun for openbrewery_medallion to 2025-10-16 00:00:00+00:00, run_after=2025-10-17 00:00:00+00:00
[2025-10-16T02:03:58.077+0000] {processor.py:183} INFO - Processing /opt/airflow/dags/openbrewery_dag.py took 1.233 seconds
[2025-10-16T02:04:28.288+0000] {processor.py:161} INFO - Started process (PID=3208) to work on /opt/airflow/dags/openbrewery_dag.py
[2025-10-16T02:04:28.290+0000] {processor.py:830} INFO - Processing file /opt/airflow/dags/openbrewery_dag.py for tasks to queue
[2025-10-16T02:04:28.294+0000] {logging_mixin.py:188} INFO - [2025-10-16T02:04:28.291+0000] {dagbag.py:545} INFO - Filling up the DagBag from /opt/airflow/dags/openbrewery_dag.py
[2025-10-16T02:04:29.291+0000] {processor.py:840} INFO - DAG(s) 'openbrewery_medallion' retrieved from /opt/airflow/dags/openbrewery_dag.py
[2025-10-16T02:04:29.431+0000] {logging_mixin.py:188} INFO - [2025-10-16T02:04:29.430+0000] {dag.py:3089} INFO - Sync 1 DAGs
[2025-10-16T02:04:29.474+0000] {logging_mixin.py:188} INFO - [2025-10-16T02:04:29.473+0000] {dag.py:3947} INFO - Setting next_dagrun for openbrewery_medallion to 2025-10-16 00:00:00+00:00, run_after=2025-10-17 00:00:00+00:00
[2025-10-16T02:04:29.512+0000] {processor.py:183} INFO - Processing /opt/airflow/dags/openbrewery_dag.py took 1.245 seconds
[2025-10-16T02:04:59.841+0000] {processor.py:161} INFO - Started process (PID=3214) to work on /opt/airflow/dags/openbrewery_dag.py
[2025-10-16T02:04:59.844+0000] {processor.py:830} INFO - Processing file /opt/airflow/dags/openbrewery_dag.py for tasks to queue
[2025-10-16T02:04:59.850+0000] {logging_mixin.py:188} INFO - [2025-10-16T02:04:59.845+0000] {dagbag.py:545} INFO - Filling up the DagBag from /opt/airflow/dags/openbrewery_dag.py
[2025-10-16T02:05:01.514+0000] {processor.py:840} INFO - DAG(s) 'openbrewery_medallion' retrieved from /opt/airflow/dags/openbrewery_dag.py
[2025-10-16T02:05:01.694+0000] {logging_mixin.py:188} INFO - [2025-10-16T02:05:01.689+0000] {dag.py:3089} INFO - Sync 1 DAGs
[2025-10-16T02:05:01.736+0000] {logging_mixin.py:188} INFO - [2025-10-16T02:05:01.735+0000] {dag.py:3947} INFO - Setting next_dagrun for openbrewery_medallion to 2025-10-16 00:00:00+00:00, run_after=2025-10-17 00:00:00+00:00
[2025-10-16T02:05:01.790+0000] {processor.py:183} INFO - Processing /opt/airflow/dags/openbrewery_dag.py took 1.972 seconds
[2025-10-16T02:05:32.232+0000] {processor.py:161} INFO - Started process (PID=3220) to work on /opt/airflow/dags/openbrewery_dag.py
[2025-10-16T02:05:32.234+0000] {processor.py:830} INFO - Processing file /opt/airflow/dags/openbrewery_dag.py for tasks to queue
[2025-10-16T02:05:32.237+0000] {logging_mixin.py:188} INFO - [2025-10-16T02:05:32.235+0000] {dagbag.py:545} INFO - Filling up the DagBag from /opt/airflow/dags/openbrewery_dag.py
[2025-10-16T02:05:33.146+0000] {processor.py:840} INFO - DAG(s) 'openbrewery_medallion' retrieved from /opt/airflow/dags/openbrewery_dag.py
[2025-10-16T02:05:33.259+0000] {logging_mixin.py:188} INFO - [2025-10-16T02:05:33.259+0000] {dag.py:3089} INFO - Sync 1 DAGs
[2025-10-16T02:05:33.297+0000] {logging_mixin.py:188} INFO - [2025-10-16T02:05:33.296+0000] {dag.py:3947} INFO - Setting next_dagrun for openbrewery_medallion to 2025-10-16 00:00:00+00:00, run_after=2025-10-17 00:00:00+00:00
[2025-10-16T02:05:33.337+0000] {processor.py:183} INFO - Processing /opt/airflow/dags/openbrewery_dag.py took 1.126 seconds
[2025-10-16T02:06:03.608+0000] {processor.py:161} INFO - Started process (PID=3226) to work on /opt/airflow/dags/openbrewery_dag.py
[2025-10-16T02:06:03.609+0000] {processor.py:830} INFO - Processing file /opt/airflow/dags/openbrewery_dag.py for tasks to queue
[2025-10-16T02:06:03.612+0000] {logging_mixin.py:188} INFO - [2025-10-16T02:06:03.611+0000] {dagbag.py:545} INFO - Filling up the DagBag from /opt/airflow/dags/openbrewery_dag.py
[2025-10-16T02:06:04.847+0000] {processor.py:840} INFO - DAG(s) 'openbrewery_medallion' retrieved from /opt/airflow/dags/openbrewery_dag.py
[2025-10-16T02:06:04.965+0000] {logging_mixin.py:188} INFO - [2025-10-16T02:06:04.964+0000] {dag.py:3089} INFO - Sync 1 DAGs
[2025-10-16T02:06:05.006+0000] {logging_mixin.py:188} INFO - [2025-10-16T02:06:05.006+0000] {dag.py:3947} INFO - Setting next_dagrun for openbrewery_medallion to 2025-10-16 00:00:00+00:00, run_after=2025-10-17 00:00:00+00:00
[2025-10-16T02:06:05.041+0000] {processor.py:183} INFO - Processing /opt/airflow/dags/openbrewery_dag.py took 1.451 seconds
[2025-10-16T02:06:35.440+0000] {processor.py:161} INFO - Started process (PID=3232) to work on /opt/airflow/dags/openbrewery_dag.py
[2025-10-16T02:06:35.442+0000] {processor.py:830} INFO - Processing file /opt/airflow/dags/openbrewery_dag.py for tasks to queue
[2025-10-16T02:06:35.447+0000] {logging_mixin.py:188} INFO - [2025-10-16T02:06:35.444+0000] {dagbag.py:545} INFO - Filling up the DagBag from /opt/airflow/dags/openbrewery_dag.py
[2025-10-16T02:06:36.493+0000] {processor.py:840} INFO - DAG(s) 'openbrewery_medallion' retrieved from /opt/airflow/dags/openbrewery_dag.py
[2025-10-16T02:06:36.626+0000] {logging_mixin.py:188} INFO - [2025-10-16T02:06:36.625+0000] {dag.py:3089} INFO - Sync 1 DAGs
[2025-10-16T02:06:36.668+0000] {logging_mixin.py:188} INFO - [2025-10-16T02:06:36.668+0000] {dag.py:3947} INFO - Setting next_dagrun for openbrewery_medallion to 2025-10-16 00:00:00+00:00, run_after=2025-10-17 00:00:00+00:00
[2025-10-16T02:06:36.709+0000] {processor.py:183} INFO - Processing /opt/airflow/dags/openbrewery_dag.py took 1.289 seconds
