[2025-10-10T20:10:00.883+0000] {manager.py:469} INFO - Processing files using up to 2 processes at a time 
[2025-10-10T20:10:00.886+0000] {manager.py:470} INFO - Process each file at most once every 30 seconds
[2025-10-10T20:10:00.887+0000] {manager.py:471} INFO - Checking for new files in /opt/airflow/dags every 300 seconds
[2025-10-10T20:10:00.888+0000] {manager.py:738} INFO - Searching for files in /opt/airflow/dags
[2025-10-10T20:10:00.896+0000] {manager.py:741} INFO - There are 0 files in /opt/airflow/dags
[2025-10-10T20:15:01.683+0000] {manager.py:738} INFO - Searching for files in /opt/airflow/dags
[2025-10-10T20:15:01.688+0000] {manager.py:741} INFO - There are 0 files in /opt/airflow/dags
[2025-10-10T20:20:02.463+0000] {manager.py:738} INFO - Searching for files in /opt/airflow/dags
[2025-10-10T20:20:02.473+0000] {manager.py:741} INFO - There are 0 files in /opt/airflow/dags
[2025-10-10T20:25:03.224+0000] {manager.py:738} INFO - Searching for files in /opt/airflow/dags
[2025-10-10T20:25:03.240+0000] {manager.py:741} INFO - There are 0 files in /opt/airflow/dags
[2025-10-10T20:30:03.894+0000] {manager.py:738} INFO - Searching for files in /opt/airflow/dags
[2025-10-10T20:30:03.902+0000] {manager.py:741} INFO - There are 0 files in /opt/airflow/dags
[2025-10-10T20:35:04.577+0000] {manager.py:738} INFO - Searching for files in /opt/airflow/dags
[2025-10-10T20:35:04.615+0000] {manager.py:741} INFO - There are 1 files in /opt/airflow/dags
[2025-10-10T20:35:09.709+0000] {manager.py:879} INFO - 
================================================================================
DAG File Processing Stats

File Path                         PID    Runtime      # DAGs    # Errors  Last Runtime    Last Run
--------------------------------  -----  ---------  --------  ----------  --------------  -------------------
/opt/airflow/dags/brewery_dag.py                           0           1  0.12s           2025-10-10T20:35:04
================================================================================
[2025-10-10T20:35:40.025+0000] {manager.py:879} INFO - 
================================================================================
DAG File Processing Stats

File Path                         PID    Runtime      # DAGs    # Errors  Last Runtime    Last Run
--------------------------------  -----  ---------  --------  ----------  --------------  -------------------
/opt/airflow/dags/brewery_dag.py                           0           1  0.13s           2025-10-10T20:35:35
================================================================================
[2025-10-10T20:36:10.316+0000] {manager.py:879} INFO - 
================================================================================
DAG File Processing Stats

File Path                         PID    Runtime      # DAGs    # Errors  Last Runtime    Last Run
--------------------------------  -----  ---------  --------  ----------  --------------  -------------------
/opt/airflow/dags/brewery_dag.py                           0           1  0.08s           2025-10-10T20:36:05
================================================================================
[2025-10-10T20:36:40.604+0000] {manager.py:879} INFO - 
================================================================================
DAG File Processing Stats

File Path                         PID    Runtime      # DAGs    # Errors  Last Runtime    Last Run
--------------------------------  -----  ---------  --------  ----------  --------------  -------------------
/opt/airflow/dags/brewery_dag.py                           0           1  0.08s           2025-10-10T20:36:35
================================================================================
[2025-10-10T20:37:10.933+0000] {manager.py:879} INFO - 
================================================================================
DAG File Processing Stats

File Path                         PID    Runtime      # DAGs    # Errors  Last Runtime    Last Run
--------------------------------  -----  ---------  --------  ----------  --------------  -------------------
/opt/airflow/dags/brewery_dag.py                           0           1  0.11s           2025-10-10T20:37:05
================================================================================
[2025-10-10T20:37:41.228+0000] {manager.py:879} INFO - 
================================================================================
DAG File Processing Stats

File Path                         PID    Runtime      # DAGs    # Errors  Last Runtime    Last Run
--------------------------------  -----  ---------  --------  ----------  --------------  -------------------
/opt/airflow/dags/brewery_dag.py                           0           1  0.08s           2025-10-10T20:37:36
================================================================================
[2025-10-10T20:38:11.539+0000] {manager.py:879} INFO - 
================================================================================
DAG File Processing Stats

File Path                         PID    Runtime      # DAGs    # Errors  Last Runtime    Last Run
--------------------------------  -----  ---------  --------  ----------  --------------  -------------------
/opt/airflow/dags/brewery_dag.py                           0           1  0.10s           2025-10-10T20:38:06
================================================================================
[2025-10-10T20:38:41.909+0000] {manager.py:879} INFO - 
================================================================================
DAG File Processing Stats

File Path                         PID    Runtime      # DAGs    # Errors  Last Runtime    Last Run
--------------------------------  -----  ---------  --------  ----------  --------------  -------------------
/opt/airflow/dags/brewery_dag.py                           0           1  0.10s           2025-10-10T20:38:36
================================================================================
[2025-10-10T20:39:12.179+0000] {manager.py:879} INFO - 
================================================================================
DAG File Processing Stats

File Path                         PID    Runtime      # DAGs    # Errors  Last Runtime    Last Run
--------------------------------  -----  ---------  --------  ----------  --------------  -------------------
/opt/airflow/dags/brewery_dag.py                           0           1  0.09s           2025-10-10T20:39:07
================================================================================
[2025-10-10T20:39:42.525+0000] {manager.py:879} INFO - 
================================================================================
DAG File Processing Stats

File Path                         PID    Runtime      # DAGs    # Errors  Last Runtime    Last Run
--------------------------------  -----  ---------  --------  ----------  --------------  -------------------
/opt/airflow/dags/brewery_dag.py                           0           1  0.09s           2025-10-10T20:39:37
================================================================================
[2025-10-10T20:40:04.728+0000] {manager.py:738} INFO - Searching for files in /opt/airflow/dags
[2025-10-10T20:40:04.778+0000] {manager.py:741} INFO - There are 1 files in /opt/airflow/dags
[2025-10-10T20:40:12.894+0000] {manager.py:879} INFO - 
================================================================================
DAG File Processing Stats

File Path                         PID    Runtime      # DAGs    # Errors  Last Runtime    Last Run
--------------------------------  -----  ---------  --------  ----------  --------------  -------------------
/opt/airflow/dags/brewery_dag.py                           0           1  0.09s           2025-10-10T20:40:07
================================================================================
[2025-10-10T20:40:43.203+0000] {manager.py:879} INFO - 
================================================================================
DAG File Processing Stats

File Path                         PID    Runtime      # DAGs    # Errors  Last Runtime    Last Run
--------------------------------  -----  ---------  --------  ----------  --------------  -------------------
/opt/airflow/dags/brewery_dag.py                           0           1  0.08s           2025-10-10T20:40:38
================================================================================
[2025-10-10T20:41:13.510+0000] {manager.py:879} INFO - 
================================================================================
DAG File Processing Stats

File Path                         PID    Runtime      # DAGs    # Errors  Last Runtime    Last Run
--------------------------------  -----  ---------  --------  ----------  --------------  -------------------
/opt/airflow/dags/brewery_dag.py                           0           1  0.08s           2025-10-10T20:41:08
================================================================================
[2025-10-10T20:41:43.860+0000] {manager.py:879} INFO - 
================================================================================
DAG File Processing Stats

File Path                         PID    Runtime      # DAGs    # Errors  Last Runtime    Last Run
--------------------------------  -----  ---------  --------  ----------  --------------  -------------------
/opt/airflow/dags/brewery_dag.py                           0           1  0.10s           2025-10-10T20:41:38
================================================================================
[2025-10-10T20:42:14.177+0000] {manager.py:879} INFO - 
================================================================================
DAG File Processing Stats

File Path                         PID    Runtime      # DAGs    # Errors  Last Runtime    Last Run
--------------------------------  -----  ---------  --------  ----------  --------------  -------------------
/opt/airflow/dags/brewery_dag.py                           0           1  0.11s           2025-10-10T20:42:09
================================================================================
[2025-10-10T20:42:44.505+0000] {manager.py:879} INFO - 
================================================================================
DAG File Processing Stats

File Path                         PID    Runtime      # DAGs    # Errors  Last Runtime    Last Run
--------------------------------  -----  ---------  --------  ----------  --------------  -------------------
/opt/airflow/dags/brewery_dag.py                           0           1  0.11s           2025-10-10T20:42:39
================================================================================
[2025-10-10T20:43:14.828+0000] {manager.py:879} INFO - 
================================================================================
DAG File Processing Stats

File Path                         PID    Runtime      # DAGs    # Errors  Last Runtime    Last Run
--------------------------------  -----  ---------  --------  ----------  --------------  -------------------
/opt/airflow/dags/brewery_dag.py                           0           1  0.09s           2025-10-10T20:43:09
================================================================================
[2025-10-10T20:43:45.127+0000] {manager.py:879} INFO - 
================================================================================
DAG File Processing Stats

File Path                         PID    Runtime      # DAGs    # Errors  Last Runtime    Last Run
--------------------------------  -----  ---------  --------  ----------  --------------  -------------------
/opt/airflow/dags/brewery_dag.py                           0           1  0.08s           2025-10-10T20:43:40
================================================================================
[2025-10-10T20:44:15.473+0000] {manager.py:879} INFO - 
================================================================================
DAG File Processing Stats

File Path                         PID    Runtime      # DAGs    # Errors  Last Runtime    Last Run
--------------------------------  -----  ---------  --------  ----------  --------------  -------------------
/opt/airflow/dags/brewery_dag.py                           0           1  0.10s           2025-10-10T20:44:10
================================================================================
[2025-10-10T20:44:45.757+0000] {manager.py:879} INFO - 
================================================================================
DAG File Processing Stats

File Path                         PID    Runtime      # DAGs    # Errors  Last Runtime    Last Run
--------------------------------  -----  ---------  --------  ----------  --------------  -------------------
/opt/airflow/dags/brewery_dag.py                           0           1  0.10s           2025-10-10T20:44:40
================================================================================
[2025-10-10T20:45:04.925+0000] {manager.py:738} INFO - Searching for files in /opt/airflow/dags
[2025-10-10T20:45:04.978+0000] {manager.py:741} INFO - There are 1 files in /opt/airflow/dags
[2025-10-10T20:45:16.125+0000] {manager.py:879} INFO - 
================================================================================
DAG File Processing Stats

File Path                         PID    Runtime      # DAGs    # Errors  Last Runtime    Last Run
--------------------------------  -----  ---------  --------  ----------  --------------  -------------------
/opt/airflow/dags/brewery_dag.py                           0           1  0.11s           2025-10-10T20:45:11
================================================================================
[2025-10-10T20:45:46.474+0000] {manager.py:879} INFO - 
================================================================================
DAG File Processing Stats

File Path                         PID    Runtime      # DAGs    # Errors  Last Runtime    Last Run
--------------------------------  -----  ---------  --------  ----------  --------------  -------------------
/opt/airflow/dags/brewery_dag.py                           0           1  0.11s           2025-10-10T20:45:41
================================================================================
[2025-10-10T20:46:16.776+0000] {manager.py:879} INFO - 
================================================================================
DAG File Processing Stats

File Path                         PID    Runtime      # DAGs    # Errors  Last Runtime    Last Run
--------------------------------  -----  ---------  --------  ----------  --------------  -------------------
/opt/airflow/dags/brewery_dag.py                           0           1  0.12s           2025-10-10T20:46:11
================================================================================
[2025-10-10T20:46:47.142+0000] {manager.py:879} INFO - 
================================================================================
DAG File Processing Stats

File Path                         PID    Runtime      # DAGs    # Errors  Last Runtime    Last Run
--------------------------------  -----  ---------  --------  ----------  --------------  -------------------
/opt/airflow/dags/brewery_dag.py                           0           1  0.09s           2025-10-10T20:46:42
================================================================================
[2025-10-10T20:47:17.463+0000] {manager.py:879} INFO - 
================================================================================
DAG File Processing Stats

File Path                         PID    Runtime      # DAGs    # Errors  Last Runtime    Last Run
--------------------------------  -----  ---------  --------  ----------  --------------  -------------------
/opt/airflow/dags/brewery_dag.py                           0           1  0.11s           2025-10-10T20:47:12
================================================================================
[2025-10-10T20:47:47.815+0000] {manager.py:879} INFO - 
================================================================================
DAG File Processing Stats

File Path                         PID    Runtime      # DAGs    # Errors  Last Runtime    Last Run
--------------------------------  -----  ---------  --------  ----------  --------------  -------------------
/opt/airflow/dags/brewery_dag.py                           0           1  0.11s           2025-10-10T20:47:42
================================================================================
[2025-10-10T20:48:18.121+0000] {manager.py:879} INFO - 
================================================================================
DAG File Processing Stats

File Path                         PID    Runtime      # DAGs    # Errors  Last Runtime    Last Run
--------------------------------  -----  ---------  --------  ----------  --------------  -------------------
/opt/airflow/dags/brewery_dag.py                           0           1  0.09s           2025-10-10T20:48:13
================================================================================
[2025-10-10T20:48:48.460+0000] {manager.py:879} INFO - 
================================================================================
DAG File Processing Stats

File Path                         PID    Runtime      # DAGs    # Errors  Last Runtime    Last Run
--------------------------------  -----  ---------  --------  ----------  --------------  -------------------
/opt/airflow/dags/brewery_dag.py                           0           1  0.12s           2025-10-10T20:48:43
================================================================================
[2025-10-10T20:49:18.810+0000] {manager.py:879} INFO - 
================================================================================
DAG File Processing Stats

File Path                         PID    Runtime      # DAGs    # Errors  Last Runtime    Last Run
--------------------------------  -----  ---------  --------  ----------  --------------  -------------------
/opt/airflow/dags/brewery_dag.py                           0           1  0.11s           2025-10-10T20:49:13
================================================================================
[2025-10-10T20:49:49.120+0000] {manager.py:879} INFO - 
================================================================================
DAG File Processing Stats

File Path                         PID    Runtime      # DAGs    # Errors  Last Runtime    Last Run
--------------------------------  -----  ---------  --------  ----------  --------------  -------------------
/opt/airflow/dags/brewery_dag.py                           0           1  0.10s           2025-10-10T20:49:44
================================================================================
[2025-10-10T20:50:05.273+0000] {manager.py:738} INFO - Searching for files in /opt/airflow/dags
[2025-10-10T20:50:05.296+0000] {manager.py:741} INFO - There are 1 files in /opt/airflow/dags
[2025-10-10T20:50:19.476+0000] {manager.py:879} INFO - 
================================================================================
DAG File Processing Stats

File Path                         PID    Runtime      # DAGs    # Errors  Last Runtime    Last Run
--------------------------------  -----  ---------  --------  ----------  --------------  -------------------
/opt/airflow/dags/brewery_dag.py                           0           1  0.10s           2025-10-10T20:50:14
================================================================================
[2025-10-10T20:50:49.776+0000] {manager.py:879} INFO - 
================================================================================
DAG File Processing Stats

File Path                         PID    Runtime      # DAGs    # Errors  Last Runtime    Last Run
--------------------------------  -----  ---------  --------  ----------  --------------  -------------------
/opt/airflow/dags/brewery_dag.py                           0           1  0.09s           2025-10-10T20:50:44
================================================================================
[2025-10-10T20:51:20.080+0000] {manager.py:879} INFO - 
================================================================================
DAG File Processing Stats

File Path                         PID    Runtime      # DAGs    # Errors  Last Runtime    Last Run
--------------------------------  -----  ---------  --------  ----------  --------------  -------------------
/opt/airflow/dags/brewery_dag.py                           0           1  0.09s           2025-10-10T20:51:15
================================================================================
[2025-10-10T20:51:49.770+0000] {manager.py:451} INFO - Exiting gracefully upon receiving signal 15
[2025-10-11T17:42:17.465+0000] {manager.py:469} INFO - Processing files using up to 2 processes at a time 
[2025-10-11T17:42:17.467+0000] {manager.py:470} INFO - Process each file at most once every 30 seconds
[2025-10-11T17:42:17.469+0000] {manager.py:471} INFO - Checking for new files in /opt/airflow/dags every 300 seconds
[2025-10-11T17:42:17.470+0000] {manager.py:738} INFO - Searching for files in /opt/airflow/dags
[2025-10-11T17:42:17.533+0000] {manager.py:741} INFO - There are 1 files in /opt/airflow/dags
[2025-10-11T17:42:17.675+0000] {manager.py:879} INFO - 
================================================================================
DAG File Processing Stats

File Path                           PID  Runtime      # DAGs    # Errors  Last Runtime    Last Run
--------------------------------  -----  ---------  --------  ----------  --------------  ----------
/opt/airflow/dags/brewery_dag.py    171  0.06s             0           0
================================================================================
[2025-10-11T17:42:47.943+0000] {manager.py:879} INFO - 
================================================================================
DAG File Processing Stats

File Path                           PID  Runtime      # DAGs    # Errors  Last Runtime    Last Run
--------------------------------  -----  ---------  --------  ----------  --------------  -------------------
/opt/airflow/dags/brewery_dag.py    176  0.02s             0           1  0.13s           2025-10-11T17:42:17
================================================================================
[2025-10-11T17:43:18.211+0000] {manager.py:879} INFO - 
================================================================================
DAG File Processing Stats

File Path                           PID  Runtime      # DAGs    # Errors  Last Runtime    Last Run
--------------------------------  -----  ---------  --------  ----------  --------------  -------------------
/opt/airflow/dags/brewery_dag.py    181  0.00s             0           1  0.12s           2025-10-11T17:42:48
================================================================================
[2025-10-11T17:43:48.515+0000] {manager.py:879} INFO - 
================================================================================
DAG File Processing Stats

File Path                           PID  Runtime      # DAGs    # Errors  Last Runtime    Last Run
--------------------------------  -----  ---------  --------  ----------  --------------  -------------------
/opt/airflow/dags/brewery_dag.py    186  0.00s             0           1  0.11s           2025-10-11T17:43:18
================================================================================
[2025-10-11T17:44:18.798+0000] {manager.py:879} INFO - 
================================================================================
DAG File Processing Stats

File Path                           PID  Runtime      # DAGs    # Errors  Last Runtime    Last Run
--------------------------------  -----  ---------  --------  ----------  --------------  -------------------
/opt/airflow/dags/brewery_dag.py    191  0.00s             0           1  0.11s           2025-10-11T17:43:48
================================================================================
[2025-10-11T17:44:49.083+0000] {manager.py:879} INFO - 
================================================================================
DAG File Processing Stats

File Path                           PID  Runtime      # DAGs    # Errors  Last Runtime    Last Run
--------------------------------  -----  ---------  --------  ----------  --------------  -------------------
/opt/airflow/dags/brewery_dag.py    196  0.01s             0           1  0.10s           2025-10-11T17:44:18
================================================================================
[2025-10-11T17:45:19.337+0000] {manager.py:879} INFO - 
================================================================================
DAG File Processing Stats

File Path                           PID  Runtime      # DAGs    # Errors  Last Runtime    Last Run
--------------------------------  -----  ---------  --------  ----------  --------------  -------------------
/opt/airflow/dags/brewery_dag.py    201  0.00s             0           1  0.11s           2025-10-11T17:44:49
================================================================================
[2025-10-11T17:45:49.653+0000] {manager.py:879} INFO - 
================================================================================
DAG File Processing Stats

File Path                           PID  Runtime      # DAGs    # Errors  Last Runtime    Last Run
--------------------------------  -----  ---------  --------  ----------  --------------  -------------------
/opt/airflow/dags/brewery_dag.py    206  0.00s             0           1  0.09s           2025-10-11T17:45:19
================================================================================
[2025-10-11T17:46:19.930+0000] {manager.py:879} INFO - 
================================================================================
DAG File Processing Stats

File Path                           PID  Runtime      # DAGs    # Errors  Last Runtime    Last Run
--------------------------------  -----  ---------  --------  ----------  --------------  -------------------
/opt/airflow/dags/brewery_dag.py    211  0.00s             0           1  0.12s           2025-10-11T17:45:49
================================================================================
[2025-10-11T17:46:50.262+0000] {manager.py:879} INFO - 
================================================================================
DAG File Processing Stats

File Path                           PID  Runtime      # DAGs    # Errors  Last Runtime    Last Run
--------------------------------  -----  ---------  --------  ----------  --------------  -------------------
/opt/airflow/dags/brewery_dag.py    216  0.00s             0           1  0.13s           2025-10-11T17:46:20
================================================================================
[2025-10-11T17:47:17.502+0000] {manager.py:738} INFO - Searching for files in /opt/airflow/dags
[2025-10-11T17:47:17.531+0000] {manager.py:741} INFO - There are 1 files in /opt/airflow/dags
[2025-10-11T17:47:20.586+0000] {manager.py:879} INFO - 
================================================================================
DAG File Processing Stats

File Path                           PID  Runtime      # DAGs    # Errors  Last Runtime    Last Run
--------------------------------  -----  ---------  --------  ----------  --------------  -------------------
/opt/airflow/dags/brewery_dag.py    221  0.00s             0           1  0.09s           2025-10-11T17:46:50
================================================================================
[2025-10-11T17:47:50.870+0000] {manager.py:879} INFO - 
================================================================================
DAG File Processing Stats

File Path                           PID  Runtime      # DAGs    # Errors  Last Runtime    Last Run
--------------------------------  -----  ---------  --------  ----------  --------------  -------------------
/opt/airflow/dags/brewery_dag.py    226  0.00s             0           1  0.09s           2025-10-11T17:47:20
================================================================================
[2025-10-11T17:48:11.556+0000] {manager.py:451} INFO - Exiting gracefully upon receiving signal 15
[2025-10-11T17:50:25.136+0000] {manager.py:469} INFO - Processing files using up to 2 processes at a time 
[2025-10-11T17:50:25.137+0000] {manager.py:470} INFO - Process each file at most once every 30 seconds
[2025-10-11T17:50:25.139+0000] {manager.py:471} INFO - Checking for new files in /opt/airflow/dags every 300 seconds
[2025-10-11T17:50:25.140+0000] {manager.py:738} INFO - Searching for files in /opt/airflow/dags
[2025-10-11T17:50:25.194+0000] {manager.py:741} INFO - There are 1 files in /opt/airflow/dags
[2025-10-11T17:50:25.420+0000] {manager.py:879} INFO - 
================================================================================
DAG File Processing Stats

File Path                           PID  Runtime      # DAGs    # Errors  Last Runtime    Last Run
--------------------------------  -----  ---------  --------  ----------  --------------  ----------
/opt/airflow/dags/brewery_dag.py    171  0.09s             0           0
================================================================================
[2025-10-11T17:50:55.683+0000] {manager.py:879} INFO - 
================================================================================
DAG File Processing Stats

File Path                           PID  Runtime      # DAGs    # Errors  Last Runtime    Last Run
--------------------------------  -----  ---------  --------  ----------  --------------  -------------------
/opt/airflow/dags/brewery_dag.py    176  0.00s             0           1  0.25s           2025-10-11T17:50:25
================================================================================
[2025-10-11T17:51:25.947+0000] {manager.py:879} INFO - 
================================================================================
DAG File Processing Stats

File Path                           PID  Runtime      # DAGs    # Errors  Last Runtime    Last Run
--------------------------------  -----  ---------  --------  ----------  --------------  -------------------
/opt/airflow/dags/brewery_dag.py    181  0.01s             0           1  0.12s           2025-10-11T17:50:55
================================================================================
[2025-10-11T17:51:56.265+0000] {manager.py:879} INFO - 
================================================================================
DAG File Processing Stats

File Path                           PID  Runtime      # DAGs    # Errors  Last Runtime    Last Run
--------------------------------  -----  ---------  --------  ----------  --------------  -------------------
/opt/airflow/dags/brewery_dag.py    186  0.00s             0           1  0.13s           2025-10-11T17:51:26
================================================================================
[2025-10-11T17:52:26.556+0000] {manager.py:879} INFO - 
================================================================================
DAG File Processing Stats

File Path                           PID  Runtime      # DAGs    # Errors  Last Runtime    Last Run
--------------------------------  -----  ---------  --------  ----------  --------------  -------------------
/opt/airflow/dags/brewery_dag.py    191  0.00s             0           1  0.13s           2025-10-11T17:51:56
================================================================================
[2025-10-11T17:52:56.890+0000] {manager.py:879} INFO - 
================================================================================
DAG File Processing Stats

File Path                           PID  Runtime      # DAGs    # Errors  Last Runtime    Last Run
--------------------------------  -----  ---------  --------  ----------  --------------  -------------------
/opt/airflow/dags/brewery_dag.py    204  0.00s             0           1  0.13s           2025-10-11T17:52:26
================================================================================
[2025-10-11T17:53:27.169+0000] {manager.py:879} INFO - 
================================================================================
DAG File Processing Stats

File Path                           PID  Runtime      # DAGs    # Errors  Last Runtime    Last Run
--------------------------------  -----  ---------  --------  ----------  --------------  -------------------
/opt/airflow/dags/brewery_dag.py    209  0.00s             0           1  0.11s           2025-10-11T17:52:56
================================================================================
[2025-10-11T17:53:57.495+0000] {manager.py:879} INFO - 
================================================================================
DAG File Processing Stats

File Path                           PID  Runtime      # DAGs    # Errors  Last Runtime    Last Run
--------------------------------  -----  ---------  --------  ----------  --------------  -------------------
/opt/airflow/dags/brewery_dag.py    214  0.00s             0           1  0.12s           2025-10-11T17:53:27
================================================================================
[2025-10-11T17:54:22.274+0000] {manager.py:451} INFO - Exiting gracefully upon receiving signal 15
[2025-10-11T18:04:04.357+0000] {manager.py:469} INFO - Processing files using up to 2 processes at a time 
[2025-10-11T18:04:04.359+0000] {manager.py:470} INFO - Process each file at most once every 30 seconds
[2025-10-11T18:04:04.361+0000] {manager.py:471} INFO - Checking for new files in /opt/airflow/dags every 300 seconds
[2025-10-11T18:04:04.362+0000] {manager.py:738} INFO - Searching for files in /opt/airflow/dags
[2025-10-11T18:04:04.413+0000] {manager.py:741} INFO - There are 1 files in /opt/airflow/dags
[2025-10-11T18:04:04.570+0000] {manager.py:879} INFO - 
================================================================================
DAG File Processing Stats

File Path                           PID  Runtime      # DAGs    # Errors  Last Runtime    Last Run
--------------------------------  -----  ---------  --------  ----------  --------------  ----------
/opt/airflow/dags/brewery_dag.py    171  0.06s             0           0
================================================================================
[2025-10-11T18:04:34.827+0000] {manager.py:879} INFO - 
================================================================================
DAG File Processing Stats

File Path                           PID  Runtime      # DAGs    # Errors  Last Runtime    Last Run
--------------------------------  -----  ---------  --------  ----------  --------------  -------------------
/opt/airflow/dags/brewery_dag.py    176  0.00s             0           1  0.20s           2025-10-11T18:04:04
================================================================================
[2025-10-11T18:05:05.195+0000] {manager.py:879} INFO - 
================================================================================
DAG File Processing Stats

File Path                           PID  Runtime      # DAGs    # Errors  Last Runtime    Last Run
--------------------------------  -----  ---------  --------  ----------  --------------  -------------------
/opt/airflow/dags/brewery_dag.py    181  0.00s             0           1  0.16s           2025-10-11T18:04:34
================================================================================
[2025-10-11T18:05:35.470+0000] {manager.py:879} INFO - 
================================================================================
DAG File Processing Stats

File Path                           PID  Runtime      # DAGs    # Errors  Last Runtime    Last Run
--------------------------------  -----  ---------  --------  ----------  --------------  -------------------
/opt/airflow/dags/brewery_dag.py    186  0.00s             0           1  0.12s           2025-10-11T18:05:05
================================================================================
[2025-10-11T18:06:05.789+0000] {manager.py:879} INFO - 
================================================================================
DAG File Processing Stats

File Path                           PID  Runtime      # DAGs    # Errors  Last Runtime    Last Run
--------------------------------  -----  ---------  --------  ----------  --------------  -------------------
/opt/airflow/dags/brewery_dag.py    191  0.00s             0           1  0.18s           2025-10-11T18:05:35
================================================================================
[2025-10-11T18:06:36.126+0000] {manager.py:879} INFO - 
================================================================================
DAG File Processing Stats

File Path                           PID  Runtime      # DAGs    # Errors  Last Runtime    Last Run
--------------------------------  -----  ---------  --------  ----------  --------------  -------------------
/opt/airflow/dags/brewery_dag.py    196  0.00s             0           1  0.20s           2025-10-11T18:06:05
================================================================================
[2025-10-11T18:07:06.534+0000] {manager.py:879} INFO - 
================================================================================
DAG File Processing Stats

File Path                           PID  Runtime      # DAGs    # Errors  Last Runtime    Last Run
--------------------------------  -----  ---------  --------  ----------  --------------  -------------------
/opt/airflow/dags/brewery_dag.py    201  0.00s             0           1  0.12s           2025-10-11T18:06:36
================================================================================
[2025-10-11T18:07:36.817+0000] {manager.py:879} INFO - 
================================================================================
DAG File Processing Stats

File Path                           PID  Runtime      # DAGs    # Errors  Last Runtime    Last Run
--------------------------------  -----  ---------  --------  ----------  --------------  -------------------
/opt/airflow/dags/brewery_dag.py    206  0.00s             0           1  0.13s           2025-10-11T18:07:06
================================================================================
[2025-10-11T18:08:07.198+0000] {manager.py:879} INFO - 
================================================================================
DAG File Processing Stats

File Path                           PID  Runtime      # DAGs    # Errors  Last Runtime    Last Run
--------------------------------  -----  ---------  --------  ----------  --------------  -------------------
/opt/airflow/dags/brewery_dag.py    211  0.00s             0           1  0.11s           2025-10-11T18:07:36
================================================================================
[2025-10-11T18:08:37.480+0000] {manager.py:879} INFO - 
================================================================================
DAG File Processing Stats

File Path                           PID  Runtime      # DAGs    # Errors  Last Runtime    Last Run
--------------------------------  -----  ---------  --------  ----------  --------------  -------------------
/opt/airflow/dags/brewery_dag.py    216  0.00s             0           1  0.13s           2025-10-11T18:08:07
================================================================================
[2025-10-11T18:09:04.826+0000] {manager.py:738} INFO - Searching for files in /opt/airflow/dags
[2025-10-11T18:09:04.886+0000] {manager.py:741} INFO - There are 1 files in /opt/airflow/dags
[2025-10-11T18:09:07.948+0000] {manager.py:879} INFO - 
================================================================================
DAG File Processing Stats

File Path                           PID  Runtime      # DAGs    # Errors  Last Runtime    Last Run
--------------------------------  -----  ---------  --------  ----------  --------------  -------------------
/opt/airflow/dags/brewery_dag.py    221  0.00s             0           1  0.13s           2025-10-11T18:08:37
================================================================================
[2025-10-11T18:09:38.206+0000] {manager.py:879} INFO - 
================================================================================
DAG File Processing Stats

File Path                           PID  Runtime      # DAGs    # Errors  Last Runtime    Last Run
--------------------------------  -----  ---------  --------  ----------  --------------  -------------------
/opt/airflow/dags/brewery_dag.py    226  0.00s             0           1  0.13s           2025-10-11T18:09:08
================================================================================
[2025-10-11T18:10:08.535+0000] {manager.py:879} INFO - 
================================================================================
DAG File Processing Stats

File Path                           PID  Runtime      # DAGs    # Errors  Last Runtime    Last Run
--------------------------------  -----  ---------  --------  ----------  --------------  -------------------
/opt/airflow/dags/brewery_dag.py    231  0.00s             0           1  0.12s           2025-10-11T18:09:38
================================================================================
[2025-10-11T18:10:38.818+0000] {manager.py:879} INFO - 
================================================================================
DAG File Processing Stats

File Path                           PID  Runtime      # DAGs    # Errors  Last Runtime    Last Run
--------------------------------  -----  ---------  --------  ----------  --------------  -------------------
/opt/airflow/dags/brewery_dag.py    236  0.00s             0           1  0.15s           2025-10-11T18:10:08
================================================================================
[2025-10-11T18:11:09.140+0000] {manager.py:879} INFO - 
================================================================================
DAG File Processing Stats

File Path                           PID  Runtime      # DAGs    # Errors  Last Runtime    Last Run
--------------------------------  -----  ---------  --------  ----------  --------------  -------------------
/opt/airflow/dags/brewery_dag.py    241  0.00s             0           1  0.10s           2025-10-11T18:10:38
================================================================================
[2025-10-11T18:11:39.403+0000] {manager.py:879} INFO - 
================================================================================
DAG File Processing Stats

File Path                           PID  Runtime      # DAGs    # Errors  Last Runtime    Last Run
--------------------------------  -----  ---------  --------  ----------  --------------  -------------------
/opt/airflow/dags/brewery_dag.py    246  0.01s             0           1  0.19s           2025-10-11T18:11:09
================================================================================
[2025-10-11T18:12:09.805+0000] {manager.py:879} INFO - 
================================================================================
DAG File Processing Stats

File Path                           PID  Runtime      # DAGs    # Errors  Last Runtime    Last Run
--------------------------------  -----  ---------  --------  ----------  --------------  -------------------
/opt/airflow/dags/brewery_dag.py    251  0.00s             0           1  0.21s           2025-10-11T18:11:39
================================================================================
[2025-10-11T18:12:40.123+0000] {manager.py:879} INFO - 
================================================================================
DAG File Processing Stats

File Path                           PID  Runtime      # DAGs    # Errors  Last Runtime    Last Run
--------------------------------  -----  ---------  --------  ----------  --------------  -------------------
/opt/airflow/dags/brewery_dag.py    256  0.00s             0           1  0.12s           2025-10-11T18:12:09
================================================================================
[2025-10-11T18:13:10.414+0000] {manager.py:879} INFO - 
================================================================================
DAG File Processing Stats

File Path                           PID  Runtime      # DAGs    # Errors  Last Runtime    Last Run
--------------------------------  -----  ---------  --------  ----------  --------------  -------------------
/opt/airflow/dags/brewery_dag.py    261  0.00s             0           1  0.11s           2025-10-11T18:12:40
================================================================================
[2025-10-11T18:13:24.612+0000] {manager.py:451} INFO - Exiting gracefully upon receiving signal 15
